warning: profiles for the non root package will be ignored, specify profiles at the workspace root:
package:   /Users/rickglenn/Downloads/dytallix-main/DytallixLiteLaunch/crates/pqc-wasm/Cargo.toml
workspace: /Users/rickglenn/Downloads/dytallix-main/Cargo.toml
warning: profiles for the non root package will be ignored, specify profiles at the workspace root:
package:   /Users/rickglenn/Downloads/dytallix-main/quantumvault/Cargo.toml
workspace: /Users/rickglenn/Downloads/dytallix-main/Cargo.toml
warning: unexpected `cfg` condition name: `enable_x86_avx2`
   --> DytallixLiteLaunch/vendor/pqcrypto-dilithium/src/dilithium2.rs:187:15
    |
187 |     #[cfg(all(enable_x86_avx2, feature = "avx2"))]
    |               ^^^^^^^^^^^^^^^
    |
    = help: expected names are: `docsrs`, `feature`, and `test` and 31 more
    = help: consider using a Cargo feature instead
    = help: or consider adding in `Cargo.toml` the `check-cfg` lint config for the lint:
             [lints.rust]
             unexpected_cfgs = { level = "warn", check-cfg = ['cfg(enable_x86_avx2)'] }
    = help: or consider adding `println!("cargo::rustc-check-cfg=cfg(enable_x86_avx2)");` to the top of the `build.rs`
    = note: see <https://doc.rust-lang.org/nightly/rustc/check-cfg/cargo-specifics.html> for more information about checking conditional configuration
    = note: `#[warn(unexpected_cfgs)]` on by default

warning: unexpected `cfg` condition name: `enable_aarch64_neon`
   --> DytallixLiteLaunch/vendor/pqcrypto-dilithium/src/dilithium2.rs:193:15
    |
193 |     #[cfg(all(enable_aarch64_neon, feature = "neon"))]
    |               ^^^^^^^^^^^^^^^^^^^
    |
    = help: consider using a Cargo feature instead
    = help: or consider adding in `Cargo.toml` the `check-cfg` lint config for the lint:
             [lints.rust]
             unexpected_cfgs = { level = "warn", check-cfg = ['cfg(enable_aarch64_neon)'] }
    = help: or consider adding `println!("cargo::rustc-check-cfg=cfg(enable_aarch64_neon)");` to the top of the `build.rs`
    = note: see <https://doc.rust-lang.org/nightly/rustc/check-cfg/cargo-specifics.html> for more information about checking conditional configuration

warning: unexpected `cfg` condition name: `enable_x86_avx2`
   --> DytallixLiteLaunch/vendor/pqcrypto-dilithium/src/dilithium2.rs:227:15
    |
227 |     #[cfg(all(enable_x86_avx2, feature = "avx2"))]
    |               ^^^^^^^^^^^^^^^
    |
    = help: consider using a Cargo feature instead
    = help: or consider adding in `Cargo.toml` the `check-cfg` lint config for the lint:
             [lints.rust]
             unexpected_cfgs = { level = "warn", check-cfg = ['cfg(enable_x86_avx2)'] }
    = help: or consider adding `println!("cargo::rustc-check-cfg=cfg(enable_x86_avx2)");` to the top of the `build.rs`
    = note: see <https://doc.rust-lang.org/nightly/rustc/check-cfg/cargo-specifics.html> for more information about checking conditional configuration

warning: unexpected `cfg` condition name: `enable_aarch64_neon`
   --> DytallixLiteLaunch/vendor/pqcrypto-dilithium/src/dilithium2.rs:233:15
    |
233 |     #[cfg(all(enable_aarch64_neon, feature = "neon"))]
    |               ^^^^^^^^^^^^^^^^^^^
    |
    = help: consider using a Cargo feature instead
    = help: or consider adding in `Cargo.toml` the `check-cfg` lint config for the lint:
             [lints.rust]
             unexpected_cfgs = { level = "warn", check-cfg = ['cfg(enable_aarch64_neon)'] }
    = help: or consider adding `println!("cargo::rustc-check-cfg=cfg(enable_aarch64_neon)");` to the top of the `build.rs`
    = note: see <https://doc.rust-lang.org/nightly/rustc/check-cfg/cargo-specifics.html> for more information about checking conditional configuration

warning: unexpected `cfg` condition name: `enable_x86_avx2`
   --> DytallixLiteLaunch/vendor/pqcrypto-dilithium/src/dilithium2.rs:270:15
    |
270 |     #[cfg(all(enable_x86_avx2, feature = "avx2"))]
    |               ^^^^^^^^^^^^^^^
    |
    = help: consider using a Cargo feature instead
    = help: or consider adding in `Cargo.toml` the `check-cfg` lint config for the lint:
             [lints.rust]
             unexpected_cfgs = { level = "warn", check-cfg = ['cfg(enable_x86_avx2)'] }
    = help: or consider adding `println!("cargo::rustc-check-cfg=cfg(enable_x86_avx2)");` to the top of the `build.rs`
    = note: see <https://doc.rust-lang.org/nightly/rustc/check-cfg/cargo-specifics.html> for more information about checking conditional configuration

warning: unexpected `cfg` condition name: `enable_aarch64_neon`
   --> DytallixLiteLaunch/vendor/pqcrypto-dilithium/src/dilithium2.rs:276:15
    |
276 |     #[cfg(all(enable_aarch64_neon, feature = "neon"))]
    |               ^^^^^^^^^^^^^^^^^^^
    |
    = help: consider using a Cargo feature instead
    = help: or consider adding in `Cargo.toml` the `check-cfg` lint config for the lint:
             [lints.rust]
             unexpected_cfgs = { level = "warn", check-cfg = ['cfg(enable_aarch64_neon)'] }
    = help: or consider adding `println!("cargo::rustc-check-cfg=cfg(enable_aarch64_neon)");` to the top of the `build.rs`
    = note: see <https://doc.rust-lang.org/nightly/rustc/check-cfg/cargo-specifics.html> for more information about checking conditional configuration

warning: unexpected `cfg` condition name: `enable_x86_avx2`
   --> DytallixLiteLaunch/vendor/pqcrypto-dilithium/src/dilithium2.rs:303:15
    |
303 |     #[cfg(all(enable_x86_avx2, feature = "avx2"))]
    |               ^^^^^^^^^^^^^^^
    |
    = help: consider using a Cargo feature instead
    = help: or consider adding in `Cargo.toml` the `check-cfg` lint config for the lint:
             [lints.rust]
             unexpected_cfgs = { level = "warn", check-cfg = ['cfg(enable_x86_avx2)'] }
    = help: or consider adding `println!("cargo::rustc-check-cfg=cfg(enable_x86_avx2)");` to the top of the `build.rs`
    = note: see <https://doc.rust-lang.org/nightly/rustc/check-cfg/cargo-specifics.html> for more information about checking conditional configuration

warning: unexpected `cfg` condition name: `enable_aarch64_neon`
   --> DytallixLiteLaunch/vendor/pqcrypto-dilithium/src/dilithium2.rs:309:15
    |
309 |     #[cfg(all(enable_aarch64_neon, feature = "neon"))]
    |               ^^^^^^^^^^^^^^^^^^^
    |
    = help: consider using a Cargo feature instead
    = help: or consider adding in `Cargo.toml` the `check-cfg` lint config for the lint:
             [lints.rust]
             unexpected_cfgs = { level = "warn", check-cfg = ['cfg(enable_aarch64_neon)'] }
    = help: or consider adding `println!("cargo::rustc-check-cfg=cfg(enable_aarch64_neon)");` to the top of the `build.rs`
    = note: see <https://doc.rust-lang.org/nightly/rustc/check-cfg/cargo-specifics.html> for more information about checking conditional configuration

warning: unexpected `cfg` condition name: `enable_x86_avx2`
   --> DytallixLiteLaunch/vendor/pqcrypto-dilithium/src/dilithium2.rs:343:15
    |
343 |     #[cfg(all(enable_x86_avx2, feature = "avx2"))]
    |               ^^^^^^^^^^^^^^^
    |
    = help: consider using a Cargo feature instead
    = help: or consider adding in `Cargo.toml` the `check-cfg` lint config for the lint:
             [lints.rust]
             unexpected_cfgs = { level = "warn", check-cfg = ['cfg(enable_x86_avx2)'] }
    = help: or consider adding `println!("cargo::rustc-check-cfg=cfg(enable_x86_avx2)");` to the top of the `build.rs`
    = note: see <https://doc.rust-lang.org/nightly/rustc/check-cfg/cargo-specifics.html> for more information about checking conditional configuration

warning: unexpected `cfg` condition name: `enable_aarch64_neon`
   --> DytallixLiteLaunch/vendor/pqcrypto-dilithium/src/dilithium2.rs:349:15
    |
349 |     #[cfg(all(enable_aarch64_neon, feature = "neon"))]
    |               ^^^^^^^^^^^^^^^^^^^
    |
    = help: consider using a Cargo feature instead
    = help: or consider adding in `Cargo.toml` the `check-cfg` lint config for the lint:
             [lints.rust]
             unexpected_cfgs = { level = "warn", check-cfg = ['cfg(enable_aarch64_neon)'] }
    = help: or consider adding `println!("cargo::rustc-check-cfg=cfg(enable_aarch64_neon)");` to the top of the `build.rs`
    = note: see <https://doc.rust-lang.org/nightly/rustc/check-cfg/cargo-specifics.html> for more information about checking conditional configuration

warning: unexpected `cfg` condition name: `enable_x86_avx2`
   --> DytallixLiteLaunch/vendor/pqcrypto-dilithium/src/dilithium3.rs:187:15
    |
187 |     #[cfg(all(enable_x86_avx2, feature = "avx2"))]
    |               ^^^^^^^^^^^^^^^
    |
    = help: consider using a Cargo feature instead
    = help: or consider adding in `Cargo.toml` the `check-cfg` lint config for the lint:
             [lints.rust]
             unexpected_cfgs = { level = "warn", check-cfg = ['cfg(enable_x86_avx2)'] }
    = help: or consider adding `println!("cargo::rustc-check-cfg=cfg(enable_x86_avx2)");` to the top of the `build.rs`
    = note: see <https://doc.rust-lang.org/nightly/rustc/check-cfg/cargo-specifics.html> for more information about checking conditional configuration

warning: unexpected `cfg` condition name: `enable_aarch64_neon`
   --> DytallixLiteLaunch/vendor/pqcrypto-dilithium/src/dilithium3.rs:193:15
    |
193 |     #[cfg(all(enable_aarch64_neon, feature = "neon"))]
    |               ^^^^^^^^^^^^^^^^^^^
    |
    = help: consider using a Cargo feature instead
    = help: or consider adding in `Cargo.toml` the `check-cfg` lint config for the lint:
             [lints.rust]
             unexpected_cfgs = { level = "warn", check-cfg = ['cfg(enable_aarch64_neon)'] }
    = help: or consider adding `println!("cargo::rustc-check-cfg=cfg(enable_aarch64_neon)");` to the top of the `build.rs`
    = note: see <https://doc.rust-lang.org/nightly/rustc/check-cfg/cargo-specifics.html> for more information about checking conditional configuration

warning: unexpected `cfg` condition name: `enable_x86_avx2`
   --> DytallixLiteLaunch/vendor/pqcrypto-dilithium/src/dilithium3.rs:227:15
    |
227 |     #[cfg(all(enable_x86_avx2, feature = "avx2"))]
    |               ^^^^^^^^^^^^^^^
    |
    = help: consider using a Cargo feature instead
    = help: or consider adding in `Cargo.toml` the `check-cfg` lint config for the lint:
             [lints.rust]
             unexpected_cfgs = { level = "warn", check-cfg = ['cfg(enable_x86_avx2)'] }
    = help: or consider adding `println!("cargo::rustc-check-cfg=cfg(enable_x86_avx2)");` to the top of the `build.rs`
    = note: see <https://doc.rust-lang.org/nightly/rustc/check-cfg/cargo-specifics.html> for more information about checking conditional configuration

warning: unexpected `cfg` condition name: `enable_aarch64_neon`
   --> DytallixLiteLaunch/vendor/pqcrypto-dilithium/src/dilithium3.rs:233:15
    |
233 |     #[cfg(all(enable_aarch64_neon, feature = "neon"))]
    |               ^^^^^^^^^^^^^^^^^^^
    |
    = help: consider using a Cargo feature instead
    = help: or consider adding in `Cargo.toml` the `check-cfg` lint config for the lint:
             [lints.rust]
             unexpected_cfgs = { level = "warn", check-cfg = ['cfg(enable_aarch64_neon)'] }
    = help: or consider adding `println!("cargo::rustc-check-cfg=cfg(enable_aarch64_neon)");` to the top of the `build.rs`
    = note: see <https://doc.rust-lang.org/nightly/rustc/check-cfg/cargo-specifics.html> for more information about checking conditional configuration

warning: unexpected `cfg` condition name: `enable_x86_avx2`
   --> DytallixLiteLaunch/vendor/pqcrypto-dilithium/src/dilithium3.rs:270:15
    |
270 |     #[cfg(all(enable_x86_avx2, feature = "avx2"))]
    |               ^^^^^^^^^^^^^^^
    |
    = help: consider using a Cargo feature instead
    = help: or consider adding in `Cargo.toml` the `check-cfg` lint config for the lint:
             [lints.rust]
             unexpected_cfgs = { level = "warn", check-cfg = ['cfg(enable_x86_avx2)'] }
    = help: or consider adding `println!("cargo::rustc-check-cfg=cfg(enable_x86_avx2)");` to the top of the `build.rs`
    = note: see <https://doc.rust-lang.org/nightly/rustc/check-cfg/cargo-specifics.html> for more information about checking conditional configuration

warning: unexpected `cfg` condition name: `enable_aarch64_neon`
   --> DytallixLiteLaunch/vendor/pqcrypto-dilithium/src/dilithium3.rs:276:15
    |
276 |     #[cfg(all(enable_aarch64_neon, feature = "neon"))]
    |               ^^^^^^^^^^^^^^^^^^^
    |
    = help: consider using a Cargo feature instead
    = help: or consider adding in `Cargo.toml` the `check-cfg` lint config for the lint:
             [lints.rust]
             unexpected_cfgs = { level = "warn", check-cfg = ['cfg(enable_aarch64_neon)'] }
    = help: or consider adding `println!("cargo::rustc-check-cfg=cfg(enable_aarch64_neon)");` to the top of the `build.rs`
    = note: see <https://doc.rust-lang.org/nightly/rustc/check-cfg/cargo-specifics.html> for more information about checking conditional configuration

warning: unexpected `cfg` condition name: `enable_x86_avx2`
   --> DytallixLiteLaunch/vendor/pqcrypto-dilithium/src/dilithium3.rs:303:15
    |
303 |     #[cfg(all(enable_x86_avx2, feature = "avx2"))]
    |               ^^^^^^^^^^^^^^^
    |
    = help: consider using a Cargo feature instead
    = help: or consider adding in `Cargo.toml` the `check-cfg` lint config for the lint:
             [lints.rust]
             unexpected_cfgs = { level = "warn", check-cfg = ['cfg(enable_x86_avx2)'] }
    = help: or consider adding `println!("cargo::rustc-check-cfg=cfg(enable_x86_avx2)");` to the top of the `build.rs`
    = note: see <https://doc.rust-lang.org/nightly/rustc/check-cfg/cargo-specifics.html> for more information about checking conditional configuration

warning: unexpected `cfg` condition name: `enable_aarch64_neon`
   --> DytallixLiteLaunch/vendor/pqcrypto-dilithium/src/dilithium3.rs:309:15
    |
309 |     #[cfg(all(enable_aarch64_neon, feature = "neon"))]
    |               ^^^^^^^^^^^^^^^^^^^
    |
    = help: consider using a Cargo feature instead
    = help: or consider adding in `Cargo.toml` the `check-cfg` lint config for the lint:
             [lints.rust]
             unexpected_cfgs = { level = "warn", check-cfg = ['cfg(enable_aarch64_neon)'] }
    = help: or consider adding `println!("cargo::rustc-check-cfg=cfg(enable_aarch64_neon)");` to the top of the `build.rs`
    = note: see <https://doc.rust-lang.org/nightly/rustc/check-cfg/cargo-specifics.html> for more information about checking conditional configuration

warning: unexpected `cfg` condition name: `enable_x86_avx2`
   --> DytallixLiteLaunch/vendor/pqcrypto-dilithium/src/dilithium3.rs:343:15
    |
343 |     #[cfg(all(enable_x86_avx2, feature = "avx2"))]
    |               ^^^^^^^^^^^^^^^
    |
    = help: consider using a Cargo feature instead
    = help: or consider adding in `Cargo.toml` the `check-cfg` lint config for the lint:
             [lints.rust]
             unexpected_cfgs = { level = "warn", check-cfg = ['cfg(enable_x86_avx2)'] }
    = help: or consider adding `println!("cargo::rustc-check-cfg=cfg(enable_x86_avx2)");` to the top of the `build.rs`
    = note: see <https://doc.rust-lang.org/nightly/rustc/check-cfg/cargo-specifics.html> for more information about checking conditional configuration

warning: unexpected `cfg` condition name: `enable_aarch64_neon`
   --> DytallixLiteLaunch/vendor/pqcrypto-dilithium/src/dilithium3.rs:349:15
    |
349 |     #[cfg(all(enable_aarch64_neon, feature = "neon"))]
    |               ^^^^^^^^^^^^^^^^^^^
    |
    = help: consider using a Cargo feature instead
    = help: or consider adding in `Cargo.toml` the `check-cfg` lint config for the lint:
             [lints.rust]
             unexpected_cfgs = { level = "warn", check-cfg = ['cfg(enable_aarch64_neon)'] }
    = help: or consider adding `println!("cargo::rustc-check-cfg=cfg(enable_aarch64_neon)");` to the top of the `build.rs`
    = note: see <https://doc.rust-lang.org/nightly/rustc/check-cfg/cargo-specifics.html> for more information about checking conditional configuration

warning: unexpected `cfg` condition name: `enable_x86_avx2`
   --> DytallixLiteLaunch/vendor/pqcrypto-dilithium/src/dilithium5.rs:187:15
    |
187 |     #[cfg(all(enable_x86_avx2, feature = "avx2"))]
    |               ^^^^^^^^^^^^^^^
    |
    = help: consider using a Cargo feature instead
    = help: or consider adding in `Cargo.toml` the `check-cfg` lint config for the lint:
             [lints.rust]
             unexpected_cfgs = { level = "warn", check-cfg = ['cfg(enable_x86_avx2)'] }
    = help: or consider adding `println!("cargo::rustc-check-cfg=cfg(enable_x86_avx2)");` to the top of the `build.rs`
    = note: see <https://doc.rust-lang.org/nightly/rustc/check-cfg/cargo-specifics.html> for more information about checking conditional configuration

warning: unexpected `cfg` condition name: `enable_aarch64_neon`
   --> DytallixLiteLaunch/vendor/pqcrypto-dilithium/src/dilithium5.rs:193:15
    |
193 |     #[cfg(all(enable_aarch64_neon, feature = "neon"))]
    |               ^^^^^^^^^^^^^^^^^^^
    |
    = help: consider using a Cargo feature instead
    = help: or consider adding in `Cargo.toml` the `check-cfg` lint config for the lint:
             [lints.rust]
             unexpected_cfgs = { level = "warn", check-cfg = ['cfg(enable_aarch64_neon)'] }
    = help: or consider adding `println!("cargo::rustc-check-cfg=cfg(enable_aarch64_neon)");` to the top of the `build.rs`
    = note: see <https://doc.rust-lang.org/nightly/rustc/check-cfg/cargo-specifics.html> for more information about checking conditional configuration

warning: unexpected `cfg` condition name: `enable_x86_avx2`
   --> DytallixLiteLaunch/vendor/pqcrypto-dilithium/src/dilithium5.rs:227:15
    |
227 |     #[cfg(all(enable_x86_avx2, feature = "avx2"))]
    |               ^^^^^^^^^^^^^^^
    |
    = help: consider using a Cargo feature instead
    = help: or consider adding in `Cargo.toml` the `check-cfg` lint config for the lint:
             [lints.rust]
             unexpected_cfgs = { level = "warn", check-cfg = ['cfg(enable_x86_avx2)'] }
    = help: or consider adding `println!("cargo::rustc-check-cfg=cfg(enable_x86_avx2)");` to the top of the `build.rs`
    = note: see <https://doc.rust-lang.org/nightly/rustc/check-cfg/cargo-specifics.html> for more information about checking conditional configuration

warning: unexpected `cfg` condition name: `enable_aarch64_neon`
   --> DytallixLiteLaunch/vendor/pqcrypto-dilithium/src/dilithium5.rs:233:15
    |
233 |     #[cfg(all(enable_aarch64_neon, feature = "neon"))]
    |               ^^^^^^^^^^^^^^^^^^^
    |
    = help: consider using a Cargo feature instead
    = help: or consider adding in `Cargo.toml` the `check-cfg` lint config for the lint:
             [lints.rust]
             unexpected_cfgs = { level = "warn", check-cfg = ['cfg(enable_aarch64_neon)'] }
    = help: or consider adding `println!("cargo::rustc-check-cfg=cfg(enable_aarch64_neon)");` to the top of the `build.rs`
    = note: see <https://doc.rust-lang.org/nightly/rustc/check-cfg/cargo-specifics.html> for more information about checking conditional configuration

warning: unexpected `cfg` condition name: `enable_x86_avx2`
   --> DytallixLiteLaunch/vendor/pqcrypto-dilithium/src/dilithium5.rs:270:15
    |
270 |     #[cfg(all(enable_x86_avx2, feature = "avx2"))]
    |               ^^^^^^^^^^^^^^^
    |
    = help: consider using a Cargo feature instead
    = help: or consider adding in `Cargo.toml` the `check-cfg` lint config for the lint:
             [lints.rust]
             unexpected_cfgs = { level = "warn", check-cfg = ['cfg(enable_x86_avx2)'] }
    = help: or consider adding `println!("cargo::rustc-check-cfg=cfg(enable_x86_avx2)");` to the top of the `build.rs`
    = note: see <https://doc.rust-lang.org/nightly/rustc/check-cfg/cargo-specifics.html> for more information about checking conditional configuration

warning: unexpected `cfg` condition name: `enable_aarch64_neon`
   --> DytallixLiteLaunch/vendor/pqcrypto-dilithium/src/dilithium5.rs:276:15
    |
276 |     #[cfg(all(enable_aarch64_neon, feature = "neon"))]
    |               ^^^^^^^^^^^^^^^^^^^
    |
    = help: consider using a Cargo feature instead
    = help: or consider adding in `Cargo.toml` the `check-cfg` lint config for the lint:
             [lints.rust]
             unexpected_cfgs = { level = "warn", check-cfg = ['cfg(enable_aarch64_neon)'] }
    = help: or consider adding `println!("cargo::rustc-check-cfg=cfg(enable_aarch64_neon)");` to the top of the `build.rs`
    = note: see <https://doc.rust-lang.org/nightly/rustc/check-cfg/cargo-specifics.html> for more information about checking conditional configuration

warning: unexpected `cfg` condition name: `enable_x86_avx2`
   --> DytallixLiteLaunch/vendor/pqcrypto-dilithium/src/dilithium5.rs:303:15
    |
303 |     #[cfg(all(enable_x86_avx2, feature = "avx2"))]
    |               ^^^^^^^^^^^^^^^
    |
    = help: consider using a Cargo feature instead
    = help: or consider adding in `Cargo.toml` the `check-cfg` lint config for the lint:
             [lints.rust]
             unexpected_cfgs = { level = "warn", check-cfg = ['cfg(enable_x86_avx2)'] }
    = help: or consider adding `println!("cargo::rustc-check-cfg=cfg(enable_x86_avx2)");` to the top of the `build.rs`
    = note: see <https://doc.rust-lang.org/nightly/rustc/check-cfg/cargo-specifics.html> for more information about checking conditional configuration

warning: unexpected `cfg` condition name: `enable_aarch64_neon`
   --> DytallixLiteLaunch/vendor/pqcrypto-dilithium/src/dilithium5.rs:309:15
    |
309 |     #[cfg(all(enable_aarch64_neon, feature = "neon"))]
    |               ^^^^^^^^^^^^^^^^^^^
    |
    = help: consider using a Cargo feature instead
    = help: or consider adding in `Cargo.toml` the `check-cfg` lint config for the lint:
             [lints.rust]
             unexpected_cfgs = { level = "warn", check-cfg = ['cfg(enable_aarch64_neon)'] }
    = help: or consider adding `println!("cargo::rustc-check-cfg=cfg(enable_aarch64_neon)");` to the top of the `build.rs`
    = note: see <https://doc.rust-lang.org/nightly/rustc/check-cfg/cargo-specifics.html> for more information about checking conditional configuration

warning: unexpected `cfg` condition name: `enable_x86_avx2`
   --> DytallixLiteLaunch/vendor/pqcrypto-dilithium/src/dilithium5.rs:343:15
    |
343 |     #[cfg(all(enable_x86_avx2, feature = "avx2"))]
    |               ^^^^^^^^^^^^^^^
    |
    = help: consider using a Cargo feature instead
    = help: or consider adding in `Cargo.toml` the `check-cfg` lint config for the lint:
             [lints.rust]
             unexpected_cfgs = { level = "warn", check-cfg = ['cfg(enable_x86_avx2)'] }
    = help: or consider adding `println!("cargo::rustc-check-cfg=cfg(enable_x86_avx2)");` to the top of the `build.rs`
    = note: see <https://doc.rust-lang.org/nightly/rustc/check-cfg/cargo-specifics.html> for more information about checking conditional configuration

warning: unexpected `cfg` condition name: `enable_aarch64_neon`
   --> DytallixLiteLaunch/vendor/pqcrypto-dilithium/src/dilithium5.rs:349:15
    |
349 |     #[cfg(all(enable_aarch64_neon, feature = "neon"))]
    |               ^^^^^^^^^^^^^^^^^^^
    |
    = help: consider using a Cargo feature instead
    = help: or consider adding in `Cargo.toml` the `check-cfg` lint config for the lint:
             [lints.rust]
             unexpected_cfgs = { level = "warn", check-cfg = ['cfg(enable_aarch64_neon)'] }
    = help: or consider adding `println!("cargo::rustc-check-cfg=cfg(enable_aarch64_neon)");` to the top of the `build.rs`
    = note: see <https://doc.rust-lang.org/nightly/rustc/check-cfg/cargo-specifics.html> for more information about checking conditional configuration

warning: unexpected `cfg` condition name: `enable_x86_avx2`
  --> DytallixLiteLaunch/vendor/pqcrypto-dilithium/src/ffi.rs:21:7
   |
21 | #[cfg(enable_x86_avx2)]
   |       ^^^^^^^^^^^^^^^
   |
   = help: consider using a Cargo feature instead
   = help: or consider adding in `Cargo.toml` the `check-cfg` lint config for the lint:
            [lints.rust]
            unexpected_cfgs = { level = "warn", check-cfg = ['cfg(enable_x86_avx2)'] }
   = help: or consider adding `println!("cargo::rustc-check-cfg=cfg(enable_x86_avx2)");` to the top of the `build.rs`
   = note: see <https://doc.rust-lang.org/nightly/rustc/check-cfg/cargo-specifics.html> for more information about checking conditional configuration

warning: unexpected `cfg` condition name: `enable_x86_avx2`
  --> DytallixLiteLaunch/vendor/pqcrypto-dilithium/src/ffi.rs:23:7
   |
23 | #[cfg(enable_x86_avx2)]
   |       ^^^^^^^^^^^^^^^
   |
   = help: consider using a Cargo feature instead
   = help: or consider adding in `Cargo.toml` the `check-cfg` lint config for the lint:
            [lints.rust]
            unexpected_cfgs = { level = "warn", check-cfg = ['cfg(enable_x86_avx2)'] }
   = help: or consider adding `println!("cargo::rustc-check-cfg=cfg(enable_x86_avx2)");` to the top of the `build.rs`
   = note: see <https://doc.rust-lang.org/nightly/rustc/check-cfg/cargo-specifics.html> for more information about checking conditional configuration

warning: unexpected `cfg` condition name: `enable_x86_avx2`
  --> DytallixLiteLaunch/vendor/pqcrypto-dilithium/src/ffi.rs:25:7
   |
25 | #[cfg(enable_x86_avx2)]
   |       ^^^^^^^^^^^^^^^
   |
   = help: consider using a Cargo feature instead
   = help: or consider adding in `Cargo.toml` the `check-cfg` lint config for the lint:
            [lints.rust]
            unexpected_cfgs = { level = "warn", check-cfg = ['cfg(enable_x86_avx2)'] }
   = help: or consider adding `println!("cargo::rustc-check-cfg=cfg(enable_x86_avx2)");` to the top of the `build.rs`
   = note: see <https://doc.rust-lang.org/nightly/rustc/check-cfg/cargo-specifics.html> for more information about checking conditional configuration

warning: unexpected `cfg` condition name: `enable_aarch64_neon`
  --> DytallixLiteLaunch/vendor/pqcrypto-dilithium/src/ffi.rs:28:7
   |
28 | #[cfg(enable_aarch64_neon)]
   |       ^^^^^^^^^^^^^^^^^^^
   |
   = help: consider using a Cargo feature instead
   = help: or consider adding in `Cargo.toml` the `check-cfg` lint config for the lint:
            [lints.rust]
            unexpected_cfgs = { level = "warn", check-cfg = ['cfg(enable_aarch64_neon)'] }
   = help: or consider adding `println!("cargo::rustc-check-cfg=cfg(enable_aarch64_neon)");` to the top of the `build.rs`
   = note: see <https://doc.rust-lang.org/nightly/rustc/check-cfg/cargo-specifics.html> for more information about checking conditional configuration

warning: unexpected `cfg` condition name: `enable_aarch64_neon`
  --> DytallixLiteLaunch/vendor/pqcrypto-dilithium/src/ffi.rs:30:7
   |
30 | #[cfg(enable_aarch64_neon)]
   |       ^^^^^^^^^^^^^^^^^^^
   |
   = help: consider using a Cargo feature instead
   = help: or consider adding in `Cargo.toml` the `check-cfg` lint config for the lint:
            [lints.rust]
            unexpected_cfgs = { level = "warn", check-cfg = ['cfg(enable_aarch64_neon)'] }
   = help: or consider adding `println!("cargo::rustc-check-cfg=cfg(enable_aarch64_neon)");` to the top of the `build.rs`
   = note: see <https://doc.rust-lang.org/nightly/rustc/check-cfg/cargo-specifics.html> for more information about checking conditional configuration

warning: unexpected `cfg` condition name: `enable_aarch64_neon`
  --> DytallixLiteLaunch/vendor/pqcrypto-dilithium/src/ffi.rs:32:7
   |
32 | #[cfg(enable_aarch64_neon)]
   |       ^^^^^^^^^^^^^^^^^^^
   |
   = help: consider using a Cargo feature instead
   = help: or consider adding in `Cargo.toml` the `check-cfg` lint config for the lint:
            [lints.rust]
            unexpected_cfgs = { level = "warn", check-cfg = ['cfg(enable_aarch64_neon)'] }
   = help: or consider adding `println!("cargo::rustc-check-cfg=cfg(enable_aarch64_neon)");` to the top of the `build.rs`
   = note: see <https://doc.rust-lang.org/nightly/rustc/check-cfg/cargo-specifics.html> for more information about checking conditional configuration

warning: unexpected `cfg` condition name: `enable_x86_avx2`
  --> DytallixLiteLaunch/vendor/pqcrypto-dilithium/src/ffi.rs:39:7
   |
39 | #[cfg(enable_x86_avx2)]
   |       ^^^^^^^^^^^^^^^
   |
   = help: consider using a Cargo feature instead
   = help: or consider adding in `Cargo.toml` the `check-cfg` lint config for the lint:
            [lints.rust]
            unexpected_cfgs = { level = "warn", check-cfg = ['cfg(enable_x86_avx2)'] }
   = help: or consider adding `println!("cargo::rustc-check-cfg=cfg(enable_x86_avx2)");` to the top of the `build.rs`
   = note: see <https://doc.rust-lang.org/nightly/rustc/check-cfg/cargo-specifics.html> for more information about checking conditional configuration

warning: unexpected `cfg` condition name: `enable_x86_avx2`
  --> DytallixLiteLaunch/vendor/pqcrypto-dilithium/src/ffi.rs:41:7
   |
41 | #[cfg(enable_x86_avx2)]
   |       ^^^^^^^^^^^^^^^
   |
   = help: consider using a Cargo feature instead
   = help: or consider adding in `Cargo.toml` the `check-cfg` lint config for the lint:
            [lints.rust]
            unexpected_cfgs = { level = "warn", check-cfg = ['cfg(enable_x86_avx2)'] }
   = help: or consider adding `println!("cargo::rustc-check-cfg=cfg(enable_x86_avx2)");` to the top of the `build.rs`
   = note: see <https://doc.rust-lang.org/nightly/rustc/check-cfg/cargo-specifics.html> for more information about checking conditional configuration

warning: unexpected `cfg` condition name: `enable_x86_avx2`
  --> DytallixLiteLaunch/vendor/pqcrypto-dilithium/src/ffi.rs:43:7
   |
43 | #[cfg(enable_x86_avx2)]
   |       ^^^^^^^^^^^^^^^
   |
   = help: consider using a Cargo feature instead
   = help: or consider adding in `Cargo.toml` the `check-cfg` lint config for the lint:
            [lints.rust]
            unexpected_cfgs = { level = "warn", check-cfg = ['cfg(enable_x86_avx2)'] }
   = help: or consider adding `println!("cargo::rustc-check-cfg=cfg(enable_x86_avx2)");` to the top of the `build.rs`
   = note: see <https://doc.rust-lang.org/nightly/rustc/check-cfg/cargo-specifics.html> for more information about checking conditional configuration

warning: unexpected `cfg` condition name: `enable_aarch64_neon`
  --> DytallixLiteLaunch/vendor/pqcrypto-dilithium/src/ffi.rs:46:7
   |
46 | #[cfg(enable_aarch64_neon)]
   |       ^^^^^^^^^^^^^^^^^^^
   |
   = help: consider using a Cargo feature instead
   = help: or consider adding in `Cargo.toml` the `check-cfg` lint config for the lint:
            [lints.rust]
            unexpected_cfgs = { level = "warn", check-cfg = ['cfg(enable_aarch64_neon)'] }
   = help: or consider adding `println!("cargo::rustc-check-cfg=cfg(enable_aarch64_neon)");` to the top of the `build.rs`
   = note: see <https://doc.rust-lang.org/nightly/rustc/check-cfg/cargo-specifics.html> for more information about checking conditional configuration

warning: unexpected `cfg` condition name: `enable_aarch64_neon`
  --> DytallixLiteLaunch/vendor/pqcrypto-dilithium/src/ffi.rs:48:7
   |
48 | #[cfg(enable_aarch64_neon)]
   |       ^^^^^^^^^^^^^^^^^^^
   |
   = help: consider using a Cargo feature instead
   = help: or consider adding in `Cargo.toml` the `check-cfg` lint config for the lint:
            [lints.rust]
            unexpected_cfgs = { level = "warn", check-cfg = ['cfg(enable_aarch64_neon)'] }
   = help: or consider adding `println!("cargo::rustc-check-cfg=cfg(enable_aarch64_neon)");` to the top of the `build.rs`
   = note: see <https://doc.rust-lang.org/nightly/rustc/check-cfg/cargo-specifics.html> for more information about checking conditional configuration

warning: unexpected `cfg` condition name: `enable_aarch64_neon`
  --> DytallixLiteLaunch/vendor/pqcrypto-dilithium/src/ffi.rs:50:7
   |
50 | #[cfg(enable_aarch64_neon)]
   |       ^^^^^^^^^^^^^^^^^^^
   |
   = help: consider using a Cargo feature instead
   = help: or consider adding in `Cargo.toml` the `check-cfg` lint config for the lint:
            [lints.rust]
            unexpected_cfgs = { level = "warn", check-cfg = ['cfg(enable_aarch64_neon)'] }
   = help: or consider adding `println!("cargo::rustc-check-cfg=cfg(enable_aarch64_neon)");` to the top of the `build.rs`
   = note: see <https://doc.rust-lang.org/nightly/rustc/check-cfg/cargo-specifics.html> for more information about checking conditional configuration

warning: unexpected `cfg` condition name: `enable_x86_avx2`
  --> DytallixLiteLaunch/vendor/pqcrypto-dilithium/src/ffi.rs:57:7
   |
57 | #[cfg(enable_x86_avx2)]
   |       ^^^^^^^^^^^^^^^
   |
   = help: consider using a Cargo feature instead
   = help: or consider adding in `Cargo.toml` the `check-cfg` lint config for the lint:
            [lints.rust]
            unexpected_cfgs = { level = "warn", check-cfg = ['cfg(enable_x86_avx2)'] }
   = help: or consider adding `println!("cargo::rustc-check-cfg=cfg(enable_x86_avx2)");` to the top of the `build.rs`
   = note: see <https://doc.rust-lang.org/nightly/rustc/check-cfg/cargo-specifics.html> for more information about checking conditional configuration

warning: unexpected `cfg` condition name: `enable_x86_avx2`
  --> DytallixLiteLaunch/vendor/pqcrypto-dilithium/src/ffi.rs:59:7
   |
59 | #[cfg(enable_x86_avx2)]
   |       ^^^^^^^^^^^^^^^
   |
   = help: consider using a Cargo feature instead
   = help: or consider adding in `Cargo.toml` the `check-cfg` lint config for the lint:
            [lints.rust]
            unexpected_cfgs = { level = "warn", check-cfg = ['cfg(enable_x86_avx2)'] }
   = help: or consider adding `println!("cargo::rustc-check-cfg=cfg(enable_x86_avx2)");` to the top of the `build.rs`
   = note: see <https://doc.rust-lang.org/nightly/rustc/check-cfg/cargo-specifics.html> for more information about checking conditional configuration

warning: unexpected `cfg` condition name: `enable_x86_avx2`
  --> DytallixLiteLaunch/vendor/pqcrypto-dilithium/src/ffi.rs:61:7
   |
61 | #[cfg(enable_x86_avx2)]
   |       ^^^^^^^^^^^^^^^
   |
   = help: consider using a Cargo feature instead
   = help: or consider adding in `Cargo.toml` the `check-cfg` lint config for the lint:
            [lints.rust]
            unexpected_cfgs = { level = "warn", check-cfg = ['cfg(enable_x86_avx2)'] }
   = help: or consider adding `println!("cargo::rustc-check-cfg=cfg(enable_x86_avx2)");` to the top of the `build.rs`
   = note: see <https://doc.rust-lang.org/nightly/rustc/check-cfg/cargo-specifics.html> for more information about checking conditional configuration

warning: unexpected `cfg` condition name: `enable_aarch64_neon`
  --> DytallixLiteLaunch/vendor/pqcrypto-dilithium/src/ffi.rs:64:7
   |
64 | #[cfg(enable_aarch64_neon)]
   |       ^^^^^^^^^^^^^^^^^^^
   |
   = help: consider using a Cargo feature instead
   = help: or consider adding in `Cargo.toml` the `check-cfg` lint config for the lint:
            [lints.rust]
            unexpected_cfgs = { level = "warn", check-cfg = ['cfg(enable_aarch64_neon)'] }
   = help: or consider adding `println!("cargo::rustc-check-cfg=cfg(enable_aarch64_neon)");` to the top of the `build.rs`
   = note: see <https://doc.rust-lang.org/nightly/rustc/check-cfg/cargo-specifics.html> for more information about checking conditional configuration

warning: unexpected `cfg` condition name: `enable_aarch64_neon`
  --> DytallixLiteLaunch/vendor/pqcrypto-dilithium/src/ffi.rs:66:7
   |
66 | #[cfg(enable_aarch64_neon)]
   |       ^^^^^^^^^^^^^^^^^^^
   |
   = help: consider using a Cargo feature instead
   = help: or consider adding in `Cargo.toml` the `check-cfg` lint config for the lint:
            [lints.rust]
            unexpected_cfgs = { level = "warn", check-cfg = ['cfg(enable_aarch64_neon)'] }
   = help: or consider adding `println!("cargo::rustc-check-cfg=cfg(enable_aarch64_neon)");` to the top of the `build.rs`
   = note: see <https://doc.rust-lang.org/nightly/rustc/check-cfg/cargo-specifics.html> for more information about checking conditional configuration

warning: unexpected `cfg` condition name: `enable_aarch64_neon`
  --> DytallixLiteLaunch/vendor/pqcrypto-dilithium/src/ffi.rs:68:7
   |
68 | #[cfg(enable_aarch64_neon)]
   |       ^^^^^^^^^^^^^^^^^^^
   |
   = help: consider using a Cargo feature instead
   = help: or consider adding in `Cargo.toml` the `check-cfg` lint config for the lint:
            [lints.rust]
            unexpected_cfgs = { level = "warn", check-cfg = ['cfg(enable_aarch64_neon)'] }
   = help: or consider adding `println!("cargo::rustc-check-cfg=cfg(enable_aarch64_neon)");` to the top of the `build.rs`
   = note: see <https://doc.rust-lang.org/nightly/rustc/check-cfg/cargo-specifics.html> for more information about checking conditional configuration

warning: unexpected `cfg` condition name: `enable_x86_avx2`
   --> DytallixLiteLaunch/vendor/pqcrypto-dilithium/src/ffi.rs:104:7
    |
104 | #[cfg(enable_x86_avx2)]
    |       ^^^^^^^^^^^^^^^
    |
    = help: consider using a Cargo feature instead
    = help: or consider adding in `Cargo.toml` the `check-cfg` lint config for the lint:
             [lints.rust]
             unexpected_cfgs = { level = "warn", check-cfg = ['cfg(enable_x86_avx2)'] }
    = help: or consider adding `println!("cargo::rustc-check-cfg=cfg(enable_x86_avx2)");` to the top of the `build.rs`
    = note: see <https://doc.rust-lang.org/nightly/rustc/check-cfg/cargo-specifics.html> for more information about checking conditional configuration

warning: unexpected `cfg` condition name: `enable_aarch64_neon`
   --> DytallixLiteLaunch/vendor/pqcrypto-dilithium/src/ffi.rs:143:7
    |
143 | #[cfg(enable_aarch64_neon)]
    |       ^^^^^^^^^^^^^^^^^^^
    |
    = help: consider using a Cargo feature instead
    = help: or consider adding in `Cargo.toml` the `check-cfg` lint config for the lint:
             [lints.rust]
             unexpected_cfgs = { level = "warn", check-cfg = ['cfg(enable_aarch64_neon)'] }
    = help: or consider adding `println!("cargo::rustc-check-cfg=cfg(enable_aarch64_neon)");` to the top of the `build.rs`
    = note: see <https://doc.rust-lang.org/nightly/rustc/check-cfg/cargo-specifics.html> for more information about checking conditional configuration

warning: unexpected `cfg` condition name: `enable_x86_avx2`
   --> DytallixLiteLaunch/vendor/pqcrypto-dilithium/src/ffi.rs:215:7
    |
215 | #[cfg(enable_x86_avx2)]
    |       ^^^^^^^^^^^^^^^
    |
    = help: consider using a Cargo feature instead
    = help: or consider adding in `Cargo.toml` the `check-cfg` lint config for the lint:
             [lints.rust]
             unexpected_cfgs = { level = "warn", check-cfg = ['cfg(enable_x86_avx2)'] }
    = help: or consider adding `println!("cargo::rustc-check-cfg=cfg(enable_x86_avx2)");` to the top of the `build.rs`
    = note: see <https://doc.rust-lang.org/nightly/rustc/check-cfg/cargo-specifics.html> for more information about checking conditional configuration

warning: unexpected `cfg` condition name: `enable_aarch64_neon`
   --> DytallixLiteLaunch/vendor/pqcrypto-dilithium/src/ffi.rs:254:7
    |
254 | #[cfg(enable_aarch64_neon)]
    |       ^^^^^^^^^^^^^^^^^^^
    |
    = help: consider using a Cargo feature instead
    = help: or consider adding in `Cargo.toml` the `check-cfg` lint config for the lint:
             [lints.rust]
             unexpected_cfgs = { level = "warn", check-cfg = ['cfg(enable_aarch64_neon)'] }
    = help: or consider adding `println!("cargo::rustc-check-cfg=cfg(enable_aarch64_neon)");` to the top of the `build.rs`
    = note: see <https://doc.rust-lang.org/nightly/rustc/check-cfg/cargo-specifics.html> for more information about checking conditional configuration

warning: unexpected `cfg` condition name: `enable_x86_avx2`
   --> DytallixLiteLaunch/vendor/pqcrypto-dilithium/src/ffi.rs:326:7
    |
326 | #[cfg(enable_x86_avx2)]
    |       ^^^^^^^^^^^^^^^
    |
    = help: consider using a Cargo feature instead
    = help: or consider adding in `Cargo.toml` the `check-cfg` lint config for the lint:
             [lints.rust]
             unexpected_cfgs = { level = "warn", check-cfg = ['cfg(enable_x86_avx2)'] }
    = help: or consider adding `println!("cargo::rustc-check-cfg=cfg(enable_x86_avx2)");` to the top of the `build.rs`
    = note: see <https://doc.rust-lang.org/nightly/rustc/check-cfg/cargo-specifics.html> for more information about checking conditional configuration

warning: unexpected `cfg` condition name: `enable_aarch64_neon`
   --> DytallixLiteLaunch/vendor/pqcrypto-dilithium/src/ffi.rs:365:7
    |
365 | #[cfg(enable_aarch64_neon)]
    |       ^^^^^^^^^^^^^^^^^^^
    |
    = help: consider using a Cargo feature instead
    = help: or consider adding in `Cargo.toml` the `check-cfg` lint config for the lint:
             [lints.rust]
             unexpected_cfgs = { level = "warn", check-cfg = ['cfg(enable_aarch64_neon)'] }
    = help: or consider adding `println!("cargo::rustc-check-cfg=cfg(enable_aarch64_neon)");` to the top of the `build.rs`
    = note: see <https://doc.rust-lang.org/nightly/rustc/check-cfg/cargo-specifics.html> for more information about checking conditional configuration

warning: unexpected `cfg` condition name: `enable_x86_avx2`
   --> DytallixLiteLaunch/vendor/pqcrypto-dilithium/src/ffi.rs:521:17
    |
521 | #[cfg(all(test, enable_x86_avx2, feature = "avx2"))]
    |                 ^^^^^^^^^^^^^^^
    |
    = help: consider using a Cargo feature instead
    = help: or consider adding in `Cargo.toml` the `check-cfg` lint config for the lint:
             [lints.rust]
             unexpected_cfgs = { level = "warn", check-cfg = ['cfg(enable_x86_avx2)'] }
    = help: or consider adding `println!("cargo::rustc-check-cfg=cfg(enable_x86_avx2)");` to the top of the `build.rs`
    = note: see <https://doc.rust-lang.org/nightly/rustc/check-cfg/cargo-specifics.html> for more information about checking conditional configuration

warning: unexpected `cfg` condition name: `enable_aarch64_neon`
   --> DytallixLiteLaunch/vendor/pqcrypto-dilithium/src/ffi.rs:642:17
    |
642 | #[cfg(all(test, enable_aarch64_neon, feature = "neon"))]
    |                 ^^^^^^^^^^^^^^^^^^^
    |
    = help: consider using a Cargo feature instead
    = help: or consider adding in `Cargo.toml` the `check-cfg` lint config for the lint:
             [lints.rust]
             unexpected_cfgs = { level = "warn", check-cfg = ['cfg(enable_aarch64_neon)'] }
    = help: or consider adding `println!("cargo::rustc-check-cfg=cfg(enable_aarch64_neon)");` to the top of the `build.rs`
    = note: see <https://doc.rust-lang.org/nightly/rustc/check-cfg/cargo-specifics.html> for more information about checking conditional configuration

warning: unexpected `cfg` condition name: `enable_x86_avx2`
   --> DytallixLiteLaunch/vendor/pqcrypto-dilithium/src/ffi.rs:876:17
    |
876 | #[cfg(all(test, enable_x86_avx2, feature = "avx2"))]
    |                 ^^^^^^^^^^^^^^^
    |
    = help: consider using a Cargo feature instead
    = help: or consider adding in `Cargo.toml` the `check-cfg` lint config for the lint:
             [lints.rust]
             unexpected_cfgs = { level = "warn", check-cfg = ['cfg(enable_x86_avx2)'] }
    = help: or consider adding `println!("cargo::rustc-check-cfg=cfg(enable_x86_avx2)");` to the top of the `build.rs`
    = note: see <https://doc.rust-lang.org/nightly/rustc/check-cfg/cargo-specifics.html> for more information about checking conditional configuration

warning: unexpected `cfg` condition name: `enable_aarch64_neon`
   --> DytallixLiteLaunch/vendor/pqcrypto-dilithium/src/ffi.rs:997:17
    |
997 | #[cfg(all(test, enable_aarch64_neon, feature = "neon"))]
    |                 ^^^^^^^^^^^^^^^^^^^
    |
    = help: consider using a Cargo feature instead
    = help: or consider adding in `Cargo.toml` the `check-cfg` lint config for the lint:
             [lints.rust]
             unexpected_cfgs = { level = "warn", check-cfg = ['cfg(enable_aarch64_neon)'] }
    = help: or consider adding `println!("cargo::rustc-check-cfg=cfg(enable_aarch64_neon)");` to the top of the `build.rs`
    = note: see <https://doc.rust-lang.org/nightly/rustc/check-cfg/cargo-specifics.html> for more information about checking conditional configuration

warning: unexpected `cfg` condition name: `enable_x86_avx2`
    --> DytallixLiteLaunch/vendor/pqcrypto-dilithium/src/ffi.rs:1231:17
     |
1231 | #[cfg(all(test, enable_x86_avx2, feature = "avx2"))]
     |                 ^^^^^^^^^^^^^^^
     |
     = help: consider using a Cargo feature instead
     = help: or consider adding in `Cargo.toml` the `check-cfg` lint config for the lint:
              [lints.rust]
              unexpected_cfgs = { level = "warn", check-cfg = ['cfg(enable_x86_avx2)'] }
     = help: or consider adding `println!("cargo::rustc-check-cfg=cfg(enable_x86_avx2)");` to the top of the `build.rs`
     = note: see <https://doc.rust-lang.org/nightly/rustc/check-cfg/cargo-specifics.html> for more information about checking conditional configuration

warning: unexpected `cfg` condition name: `enable_aarch64_neon`
    --> DytallixLiteLaunch/vendor/pqcrypto-dilithium/src/ffi.rs:1352:17
     |
1352 | #[cfg(all(test, enable_aarch64_neon, feature = "neon"))]
     |                 ^^^^^^^^^^^^^^^^^^^
     |
     = help: consider using a Cargo feature instead
     = help: or consider adding in `Cargo.toml` the `check-cfg` lint config for the lint:
              [lints.rust]
              unexpected_cfgs = { level = "warn", check-cfg = ['cfg(enable_aarch64_neon)'] }
     = help: or consider adding `println!("cargo::rustc-check-cfg=cfg(enable_aarch64_neon)");` to the top of the `build.rs`
     = note: see <https://doc.rust-lang.org/nightly/rustc/check-cfg/cargo-specifics.html> for more information about checking conditional configuration

warning: unexpected `cfg` condition name: `enable_aarch64_neon`
   --> DytallixLiteLaunch/vendor/pqcrypto-dilithium/src/ffi.rs:146:11
    |
146 |     #[cfg(enable_aarch64_neon)]
    |           ^^^^^^^^^^^^^^^^^^^
    |
    = help: consider using a Cargo feature instead
    = help: or consider adding in `Cargo.toml` the `check-cfg` lint config for the lint:
             [lints.rust]
             unexpected_cfgs = { level = "warn", check-cfg = ['cfg(enable_aarch64_neon)'] }
    = help: or consider adding `println!("cargo::rustc-check-cfg=cfg(enable_aarch64_neon)");` to the top of the `build.rs`
    = note: see <https://doc.rust-lang.org/nightly/rustc/check-cfg/cargo-specifics.html> for more information about checking conditional configuration

warning: unexpected `cfg` condition name: `enable_aarch64_neon`
   --> DytallixLiteLaunch/vendor/pqcrypto-dilithium/src/ffi.rs:148:11
    |
148 |     #[cfg(enable_aarch64_neon)]
    |           ^^^^^^^^^^^^^^^^^^^
    |
    = help: consider using a Cargo feature instead
    = help: or consider adding in `Cargo.toml` the `check-cfg` lint config for the lint:
             [lints.rust]
             unexpected_cfgs = { level = "warn", check-cfg = ['cfg(enable_aarch64_neon)'] }
    = help: or consider adding `println!("cargo::rustc-check-cfg=cfg(enable_aarch64_neon)");` to the top of the `build.rs`
    = note: see <https://doc.rust-lang.org/nightly/rustc/check-cfg/cargo-specifics.html> for more information about checking conditional configuration

warning: unexpected `cfg` condition name: `enable_aarch64_neon`
   --> DytallixLiteLaunch/vendor/pqcrypto-dilithium/src/ffi.rs:156:11
    |
156 |     #[cfg(enable_aarch64_neon)]
    |           ^^^^^^^^^^^^^^^^^^^
    |
    = help: consider using a Cargo feature instead
    = help: or consider adding in `Cargo.toml` the `check-cfg` lint config for the lint:
             [lints.rust]
             unexpected_cfgs = { level = "warn", check-cfg = ['cfg(enable_aarch64_neon)'] }
    = help: or consider adding `println!("cargo::rustc-check-cfg=cfg(enable_aarch64_neon)");` to the top of the `build.rs`
    = note: see <https://doc.rust-lang.org/nightly/rustc/check-cfg/cargo-specifics.html> for more information about checking conditional configuration

warning: unexpected `cfg` condition name: `enable_aarch64_neon`
   --> DytallixLiteLaunch/vendor/pqcrypto-dilithium/src/ffi.rs:164:11
    |
164 |     #[cfg(enable_aarch64_neon)]
    |           ^^^^^^^^^^^^^^^^^^^
    |
    = help: consider using a Cargo feature instead
    = help: or consider adding in `Cargo.toml` the `check-cfg` lint config for the lint:
             [lints.rust]
             unexpected_cfgs = { level = "warn", check-cfg = ['cfg(enable_aarch64_neon)'] }
    = help: or consider adding `println!("cargo::rustc-check-cfg=cfg(enable_aarch64_neon)");` to the top of the `build.rs`
    = note: see <https://doc.rust-lang.org/nightly/rustc/check-cfg/cargo-specifics.html> for more information about checking conditional configuration

warning: unexpected `cfg` condition name: `enable_aarch64_neon`
   --> DytallixLiteLaunch/vendor/pqcrypto-dilithium/src/ffi.rs:172:11
    |
172 |     #[cfg(enable_aarch64_neon)]
    |           ^^^^^^^^^^^^^^^^^^^
    |
    = help: consider using a Cargo feature instead
    = help: or consider adding in `Cargo.toml` the `check-cfg` lint config for the lint:
             [lints.rust]
             unexpected_cfgs = { level = "warn", check-cfg = ['cfg(enable_aarch64_neon)'] }
    = help: or consider adding `println!("cargo::rustc-check-cfg=cfg(enable_aarch64_neon)");` to the top of the `build.rs`
    = note: see <https://doc.rust-lang.org/nightly/rustc/check-cfg/cargo-specifics.html> for more information about checking conditional configuration

warning: unexpected `cfg` condition name: `enable_aarch64_neon`
   --> DytallixLiteLaunch/vendor/pqcrypto-dilithium/src/ffi.rs:257:11
    |
257 |     #[cfg(enable_aarch64_neon)]
    |           ^^^^^^^^^^^^^^^^^^^
    |
    = help: consider using a Cargo feature instead
    = help: or consider adding in `Cargo.toml` the `check-cfg` lint config for the lint:
             [lints.rust]
             unexpected_cfgs = { level = "warn", check-cfg = ['cfg(enable_aarch64_neon)'] }
    = help: or consider adding `println!("cargo::rustc-check-cfg=cfg(enable_aarch64_neon)");` to the top of the `build.rs`
    = note: see <https://doc.rust-lang.org/nightly/rustc/check-cfg/cargo-specifics.html> for more information about checking conditional configuration

warning: unexpected `cfg` condition name: `enable_aarch64_neon`
   --> DytallixLiteLaunch/vendor/pqcrypto-dilithium/src/ffi.rs:259:11
    |
259 |     #[cfg(enable_aarch64_neon)]
    |           ^^^^^^^^^^^^^^^^^^^
    |
    = help: consider using a Cargo feature instead
    = help: or consider adding in `Cargo.toml` the `check-cfg` lint config for the lint:
             [lints.rust]
             unexpected_cfgs = { level = "warn", check-cfg = ['cfg(enable_aarch64_neon)'] }
    = help: or consider adding `println!("cargo::rustc-check-cfg=cfg(enable_aarch64_neon)");` to the top of the `build.rs`
    = note: see <https://doc.rust-lang.org/nightly/rustc/check-cfg/cargo-specifics.html> for more information about checking conditional configuration

warning: unexpected `cfg` condition name: `enable_aarch64_neon`
   --> DytallixLiteLaunch/vendor/pqcrypto-dilithium/src/ffi.rs:267:11
    |
267 |     #[cfg(enable_aarch64_neon)]
    |           ^^^^^^^^^^^^^^^^^^^
    |
    = help: consider using a Cargo feature instead
    = help: or consider adding in `Cargo.toml` the `check-cfg` lint config for the lint:
             [lints.rust]
             unexpected_cfgs = { level = "warn", check-cfg = ['cfg(enable_aarch64_neon)'] }
    = help: or consider adding `println!("cargo::rustc-check-cfg=cfg(enable_aarch64_neon)");` to the top of the `build.rs`
    = note: see <https://doc.rust-lang.org/nightly/rustc/check-cfg/cargo-specifics.html> for more information about checking conditional configuration

warning: unexpected `cfg` condition name: `enable_aarch64_neon`
   --> DytallixLiteLaunch/vendor/pqcrypto-dilithium/src/ffi.rs:275:11
    |
275 |     #[cfg(enable_aarch64_neon)]
    |           ^^^^^^^^^^^^^^^^^^^
    |
    = help: consider using a Cargo feature instead
    = help: or consider adding in `Cargo.toml` the `check-cfg` lint config for the lint:
             [lints.rust]
             unexpected_cfgs = { level = "warn", check-cfg = ['cfg(enable_aarch64_neon)'] }
    = help: or consider adding `println!("cargo::rustc-check-cfg=cfg(enable_aarch64_neon)");` to the top of the `build.rs`
    = note: see <https://doc.rust-lang.org/nightly/rustc/check-cfg/cargo-specifics.html> for more information about checking conditional configuration

warning: unexpected `cfg` condition name: `enable_aarch64_neon`
   --> DytallixLiteLaunch/vendor/pqcrypto-dilithium/src/ffi.rs:283:11
    |
283 |     #[cfg(enable_aarch64_neon)]
    |           ^^^^^^^^^^^^^^^^^^^
    |
    = help: consider using a Cargo feature instead
    = help: or consider adding in `Cargo.toml` the `check-cfg` lint config for the lint:
             [lints.rust]
             unexpected_cfgs = { level = "warn", check-cfg = ['cfg(enable_aarch64_neon)'] }
    = help: or consider adding `println!("cargo::rustc-check-cfg=cfg(enable_aarch64_neon)");` to the top of the `build.rs`
    = note: see <https://doc.rust-lang.org/nightly/rustc/check-cfg/cargo-specifics.html> for more information about checking conditional configuration

warning: unexpected `cfg` condition name: `enable_aarch64_neon`
   --> DytallixLiteLaunch/vendor/pqcrypto-dilithium/src/ffi.rs:368:11
    |
368 |     #[cfg(enable_aarch64_neon)]
    |           ^^^^^^^^^^^^^^^^^^^
    |
    = help: consider using a Cargo feature instead
    = help: or consider adding in `Cargo.toml` the `check-cfg` lint config for the lint:
             [lints.rust]
             unexpected_cfgs = { level = "warn", check-cfg = ['cfg(enable_aarch64_neon)'] }
    = help: or consider adding `println!("cargo::rustc-check-cfg=cfg(enable_aarch64_neon)");` to the top of the `build.rs`
    = note: see <https://doc.rust-lang.org/nightly/rustc/check-cfg/cargo-specifics.html> for more information about checking conditional configuration

warning: unexpected `cfg` condition name: `enable_aarch64_neon`
   --> DytallixLiteLaunch/vendor/pqcrypto-dilithium/src/ffi.rs:370:11
    |
370 |     #[cfg(enable_aarch64_neon)]
    |           ^^^^^^^^^^^^^^^^^^^
    |
    = help: consider using a Cargo feature instead
    = help: or consider adding in `Cargo.toml` the `check-cfg` lint config for the lint:
             [lints.rust]
             unexpected_cfgs = { level = "warn", check-cfg = ['cfg(enable_aarch64_neon)'] }
    = help: or consider adding `println!("cargo::rustc-check-cfg=cfg(enable_aarch64_neon)");` to the top of the `build.rs`
    = note: see <https://doc.rust-lang.org/nightly/rustc/check-cfg/cargo-specifics.html> for more information about checking conditional configuration

warning: unexpected `cfg` condition name: `enable_aarch64_neon`
   --> DytallixLiteLaunch/vendor/pqcrypto-dilithium/src/ffi.rs:378:11
    |
378 |     #[cfg(enable_aarch64_neon)]
    |           ^^^^^^^^^^^^^^^^^^^
    |
    = help: consider using a Cargo feature instead
    = help: or consider adding in `Cargo.toml` the `check-cfg` lint config for the lint:
             [lints.rust]
             unexpected_cfgs = { level = "warn", check-cfg = ['cfg(enable_aarch64_neon)'] }
    = help: or consider adding `println!("cargo::rustc-check-cfg=cfg(enable_aarch64_neon)");` to the top of the `build.rs`
    = note: see <https://doc.rust-lang.org/nightly/rustc/check-cfg/cargo-specifics.html> for more information about checking conditional configuration

warning: unexpected `cfg` condition name: `enable_aarch64_neon`
   --> DytallixLiteLaunch/vendor/pqcrypto-dilithium/src/ffi.rs:386:11
    |
386 |     #[cfg(enable_aarch64_neon)]
    |           ^^^^^^^^^^^^^^^^^^^
    |
    = help: consider using a Cargo feature instead
    = help: or consider adding in `Cargo.toml` the `check-cfg` lint config for the lint:
             [lints.rust]
             unexpected_cfgs = { level = "warn", check-cfg = ['cfg(enable_aarch64_neon)'] }
    = help: or consider adding `println!("cargo::rustc-check-cfg=cfg(enable_aarch64_neon)");` to the top of the `build.rs`
    = note: see <https://doc.rust-lang.org/nightly/rustc/check-cfg/cargo-specifics.html> for more information about checking conditional configuration

warning: unexpected `cfg` condition name: `enable_aarch64_neon`
   --> DytallixLiteLaunch/vendor/pqcrypto-dilithium/src/ffi.rs:394:11
    |
394 |     #[cfg(enable_aarch64_neon)]
    |           ^^^^^^^^^^^^^^^^^^^
    |
    = help: consider using a Cargo feature instead
    = help: or consider adding in `Cargo.toml` the `check-cfg` lint config for the lint:
             [lints.rust]
             unexpected_cfgs = { level = "warn", check-cfg = ['cfg(enable_aarch64_neon)'] }
    = help: or consider adding `println!("cargo::rustc-check-cfg=cfg(enable_aarch64_neon)");` to the top of the `build.rs`
    = note: see <https://doc.rust-lang.org/nightly/rustc/check-cfg/cargo-specifics.html> for more information about checking conditional configuration

warning: `pqcrypto-dilithium` (lib) generated 75 warnings
warning: unused import: `chacha20poly1305::ChaCha20Poly1305`
 --> quantumvault/src/infrastructure/crypto.rs:5:5
  |
5 | use chacha20poly1305::ChaCha20Poly1305;
  |     ^^^^^^^^^^^^^^^^^^^^^^^^^^^^^^^^^^
  |
  = note: `#[warn(unused_imports)]` on by default

warning: unused import: `std::error::Error`
 --> quantumvault/src/infrastructure/crypto.rs:9:5
  |
9 | use std::error::Error;
  |     ^^^^^^^^^^^^^^^^^

warning: unused import: `JobStatus`
 --> quantumvault/src/infrastructure/repository/job.rs:1:36
  |
1 | use crate::domain::{ProtectionJob, JobStatus};
  |                                    ^^^^^^^^^

warning: unused import: `AssetRepository`
 --> quantumvault/src/application/audit_service.rs:2:29
  |
2 | use crate::infrastructure::{AssetRepository, AuditRepository};
  |                             ^^^^^^^^^^^^^^^

warning: unused import: `Context`
 --> quantumvault/src/application/job_engine.rs:4:14
  |
4 | use anyhow::{Context, Result};
  |              ^^^^^^^

warning: unused import: `IntoResponse`
 --> quantumvault/src/api/middleware.rs:5:16
  |
5 |     response::{IntoResponse, Response},
  |                ^^^^^^^^^^^^

warning: unused import: `serde_json::json`
 --> quantumvault/src/api/middleware.rs:7:5
  |
7 | use serde_json::json;
  |     ^^^^^^^^^^^^^^^^

warning: unused import: `Serialize`
 --> quantumvault/src/api/asset_handlers.rs:7:26
  |
7 | use serde::{Deserialize, Serialize};
  |                          ^^^^^^^^^

warning: unused import: `Serialize`
 --> quantumvault/src/api/policy_handlers.rs:7:26
  |
7 | use serde::{Deserialize, Serialize};
  |                          ^^^^^^^^^

warning: unused import: `Serialize`
 --> quantumvault/src/api/job_handlers.rs:6:26
  |
6 | use serde::{Deserialize, Serialize};
  |                          ^^^^^^^^^

warning: unused import: `Serialize`
 --> quantumvault/src/api/audit_handlers.rs:7:26
  |
7 | use serde::{Deserialize, Serialize};
  |                          ^^^^^^^^^

warning: unused import: `RiskClass as EngineRiskClass`
  --> quantumvault/src/api/risk_handlers.rs:13:32
   |
13 | use crate::risk::{RiskWeights, RiskClass as EngineRiskClass};
   |                                ^^^^^^^^^^^^^^^^^^^^^^^^^^^^

warning: use of deprecated associated function `sha3::digest::generic_array::GenericArray::<T, N>::from_slice`: please upgrade to generic-array 1.x
   --> quantumvault/src/infrastructure/crypto.rs:148:28
    |
148 |         let nonce = Nonce::from_slice(&nonce_bytes);
    |                            ^^^^^^^^^^
    |
    = note: `#[warn(deprecated)]` on by default

warning: use of deprecated associated function `sha3::digest::generic_array::GenericArray::<T, N>::from_slice`: please upgrade to generic-array 1.x
   --> quantumvault/src/infrastructure/crypto.rs:178:28
    |
178 |         let nonce = Nonce::from_slice(&wrapped_info.nonce);
    |                            ^^^^^^^^^^

warning: unused variable: `secret_key`
   --> quantumvault/src/infrastructure/crypto.rs:202:9
    |
202 |         secret_key: &[u8],
    |         ^^^^^^^^^^ help: if this is intentional, prefix it with an underscore: `_secret_key`
    |
    = note: `#[warn(unused_variables)]` on by default

warning: unused variable: `data`
   --> quantumvault/src/infrastructure/crypto.rs:225:9
    |
225 |         data: &[u8],
    |         ^^^^ help: if this is intentional, prefix it with an underscore: `_data`

warning: unused variable: `signature`
   --> quantumvault/src/infrastructure/crypto.rs:226:9
    |
226 |         signature: &[u8],
    |         ^^^^^^^^^ help: if this is intentional, prefix it with an underscore: `_signature`

warning: unused variable: `public_key`
   --> quantumvault/src/infrastructure/crypto.rs:227:9
    |
227 |         public_key: &[u8],
    |         ^^^^^^^^^^ help: if this is intentional, prefix it with an underscore: `_public_key`

warning: unused variable: `algorithm`
   --> quantumvault/src/infrastructure/crypto.rs:228:9
    |
228 |         algorithm: &str,
    |         ^^^^^^^^^ help: if this is intentional, prefix it with an underscore: `_algorithm`

warning: unused variable: `asset`
   --> quantumvault/src/risk/engine.rs:155:27
    |
155 | pub fn compute_risk_class(asset: &Asset, dims: &Dimensions, score: u8) -> RiskClass {
    |                           ^^^^^ help: if this is intentional, prefix it with an underscore: `_asset`

warning: field `master_key` is never read
  --> quantumvault/src/infrastructure/crypto.rs:67:5
   |
66 | pub struct CryptoEngine {
   |            ------------ field in this struct
67 |     master_key: Zeroizing<Vec<u8>>,
   |     ^^^^^^^^^^
   |
   = note: `#[warn(dead_code)]` on by default

warning: `quantumvault` (lib) generated 21 warnings (run `cargo fix --lib -p quantumvault` to apply 12 suggestions)
    Finished `release` profile [optimized] target(s) in 0.55s
     Running `/Users/rickglenn/Downloads/dytallix-main/target/release/quantumvault-server`
[2m2025-11-19T01:03:41.516143Z[0m [32m INFO[0m [2mquantumvault_server[0m[2m:[0m Starting QuantumVault server on 0.0.0.0:8080
[2m2025-11-19T01:03:41.528666Z[0m [32m INFO[0m [2mquantumvault_server[0m[2m:[0m Running database migrations...
[2m2025-11-19T01:03:41.530150Z[0m [34mDEBUG[0m [2msqlx::query[0m[2m:[0m [3msummary[0m[2m=[0m"SELECT current_database()" [3mdb.statement[0m[2m=[0m"" [3mrows_affected[0m[2m=[0m0 [3mrows_returned[0m[2m=[0m1 [3melapsed[0m[2m=[0m982.292s
[2m2025-11-19T01:03:41.530929Z[0m [34mDEBUG[0m [2msqlx::query[0m[2m:[0m [3msummary[0m[2m=[0m"SELECT pg_advisory_lock($1)" [3mdb.statement[0m[2m=[0m"" [3mrows_affected[0m[2m=[0m1 [3mrows_returned[0m[2m=[0m1 [3melapsed[0m[2m=[0m739.209s
[2m2025-11-19T01:03:41.531622Z[0m [32m INFO[0m [2msqlx::postgres::notice[0m[2m:[0m relation "_sqlx_migrations" already exists, skipping
[2m2025-11-19T01:03:41.531801Z[0m [34mDEBUG[0m [2msqlx::query[0m[2m:[0m [3msummary[0m[2m=[0m"CREATE TABLE IF NOT " [3mdb.statement[0m[2m=[0m"\n\nCREATE TABLE IF NOT EXISTS _sqlx_migrations (\n  version BIGINT PRIMARY KEY,\n  description TEXT NOT NULL,\n  installed_on TIMESTAMPTZ NOT NULL DEFAULT now(),\n  success BOOLEAN NOT NULL,\n  checksum BYTEA NOT NULL,\n  execution_time BIGINT NOT NULL\n);\n" [3mrows_affected[0m[2m=[0m0 [3mrows_returned[0m[2m=[0m0 [3melapsed[0m[2m=[0m683.375s
[2m2025-11-19T01:03:41.534154Z[0m [34mDEBUG[0m [2msqlx::query[0m[2m:[0m [3msummary[0m[2m=[0m"SELECT version FROM _sqlx_migrations " [3mdb.statement[0m[2m=[0m"\n\nSELECT\n  version\nFROM\n  _sqlx_migrations\nWHERE\n  success = false\nORDER BY\n  version\nLIMIT\n  1\n" [3mrows_affected[0m[2m=[0m0 [3mrows_returned[0m[2m=[0m0 [3melapsed[0m[2m=[0m2.291417ms
[2m2025-11-19T01:03:41.534865Z[0m [34mDEBUG[0m [2msqlx::query[0m[2m:[0m [3msummary[0m[2m=[0m"SELECT version, checksum FROM " [3mdb.statement[0m[2m=[0m"\n\nSELECT\n  version,\n  checksum\nFROM\n  _sqlx_migrations\nORDER BY\n  version\n" [3mrows_affected[0m[2m=[0m2 [3mrows_returned[0m[2m=[0m2 [3melapsed[0m[2m=[0m670.667s
[2m2025-11-19T01:03:41.535198Z[0m [34mDEBUG[0m [2msqlx::query[0m[2m:[0m [3msummary[0m[2m=[0m"SELECT current_database()" [3mdb.statement[0m[2m=[0m"" [3mrows_affected[0m[2m=[0m0 [3mrows_returned[0m[2m=[0m1 [3melapsed[0m[2m=[0m267.625s
[2m2025-11-19T01:03:41.535820Z[0m [34mDEBUG[0m [2msqlx::query[0m[2m:[0m [3msummary[0m[2m=[0m"SELECT pg_advisory_unlock($1)" [3mdb.statement[0m[2m=[0m"" [3mrows_affected[0m[2m=[0m1 [3mrows_returned[0m[2m=[0m1 [3melapsed[0m[2m=[0m614.542s
[2m2025-11-19T01:03:41.535845Z[0m [32m INFO[0m [2mquantumvault_server[0m[2m:[0m Database migrations completed
[2m2025-11-19T01:03:41.535888Z[0m [32m INFO[0m [2mquantumvault::application::job_engine[0m[2m:[0m Starting job engine with poll interval: 5s
[2m2025-11-19T01:03:41.536277Z[0m [32m INFO[0m [2mquantumvault_server[0m[2m:[0m Server listening on 0.0.0.0:8080
[2m2025-11-19T01:03:41.536282Z[0m [32m INFO[0m [2mquantumvault_server[0m[2m:[0m API Key authentication enabled
[2m2025-11-19T01:03:41.536284Z[0m [32m INFO[0m [2mquantumvault_server[0m[2m:[0m Job engine started with poll interval: 5s
[2m2025-11-19T01:03:41.540578Z[0m [34mDEBUG[0m [2msqlx::query[0m[2m:[0m [3msummary[0m[2m=[0m"SELECT typname, typtype, typcategory, " [3mdb.statement[0m[2m=[0m"\n\nSELECT\n  typname,\n  typtype,\n  typcategory,\n  typrelid,\n  typelem,\n  typbasetype\nFROM\n  pg_catalog.pg_type\nWHERE\n  oid = $1\n" [3mrows_affected[0m[2m=[0m0 [3mrows_returned[0m[2m=[0m1 [3melapsed[0m[2m=[0m877.541s
[2m2025-11-19T01:03:41.541658Z[0m [34mDEBUG[0m [2msqlx::query[0m[2m:[0m [3msummary[0m[2m=[0m"SELECT enumlabel FROM pg_catalog.pg_enum " [3mdb.statement[0m[2m=[0m"\n\nSELECT\n  enumlabel\nFROM\n  pg_catalog.pg_enum\nWHERE\n  enumtypid = $1\nORDER BY\n  enumsortorder\n" [3mrows_affected[0m[2m=[0m4 [3mrows_returned[0m[2m=[0m4 [3melapsed[0m[2m=[0m978s
[2m2025-11-19T01:03:41.543301Z[0m [34mDEBUG[0m [2msqlx::query[0m[2m:[0m [3msummary[0m[2m=[0m"SELECT * FROM jobs " [3mdb.statement[0m[2m=[0m"\n\nSELECT\n  *\nFROM\n  jobs\nWHERE\n  status = 'pending'\nORDER BY\n  created_at ASC\nLIMIT\n  $1\n" [3mrows_affected[0m[2m=[0m0 [3mrows_returned[0m[2m=[0m0 [3melapsed[0m[2m=[0m5.593167ms
[2m2025-11-19T01:03:46.540344Z[0m [34mDEBUG[0m [2msqlx::query[0m[2m:[0m [3msummary[0m[2m=[0m"SELECT * FROM jobs " [3mdb.statement[0m[2m=[0m"\n\nSELECT\n  *\nFROM\n  jobs\nWHERE\n  status = 'pending'\nORDER BY\n  created_at ASC\nLIMIT\n  $1\n" [3mrows_affected[0m[2m=[0m0 [3mrows_returned[0m[2m=[0m0 [3melapsed[0m[2m=[0m1.38275ms
[2m2025-11-19T01:03:51.540423Z[0m [34mDEBUG[0m [2msqlx::query[0m[2m:[0m [3msummary[0m[2m=[0m"SELECT * FROM jobs " [3mdb.statement[0m[2m=[0m"\n\nSELECT\n  *\nFROM\n  jobs\nWHERE\n  status = 'pending'\nORDER BY\n  created_at ASC\nLIMIT\n  $1\n" [3mrows_affected[0m[2m=[0m0 [3mrows_returned[0m[2m=[0m0 [3melapsed[0m[2m=[0m1.015833ms
[2m2025-11-19T01:03:52.035746Z[0m [34mDEBUG[0m [2msqlx::query[0m[2m:[0m [3msummary[0m[2m=[0m"SELECT typname, typtype, typcategory, " [3mdb.statement[0m[2m=[0m"\n\nSELECT\n  typname,\n  typtype,\n  typcategory,\n  typrelid,\n  typelem,\n  typbasetype\nFROM\n  pg_catalog.pg_type\nWHERE\n  oid = $1\n" [3mrows_affected[0m[2m=[0m0 [3mrows_returned[0m[2m=[0m1 [3melapsed[0m[2m=[0m616.041s
[2m2025-11-19T01:03:52.036251Z[0m [34mDEBUG[0m [2msqlx::query[0m[2m:[0m [3msummary[0m[2m=[0m"SELECT enumlabel FROM pg_catalog.pg_enum " [3mdb.statement[0m[2m=[0m"\n\nSELECT\n  enumlabel\nFROM\n  pg_catalog.pg_enum\nWHERE\n  enumtypid = $1\nORDER BY\n  enumsortorder\n" [3mrows_affected[0m[2m=[0m5 [3mrows_returned[0m[2m=[0m5 [3melapsed[0m[2m=[0m439.708s
[2m2025-11-19T01:03:52.036693Z[0m [34mDEBUG[0m [2msqlx::query[0m[2m:[0m [3msummary[0m[2m=[0m"SELECT typname, typtype, typcategory, " [3mdb.statement[0m[2m=[0m"\n\nSELECT\n  typname,\n  typtype,\n  typcategory,\n  typrelid,\n  typelem,\n  typbasetype\nFROM\n  pg_catalog.pg_type\nWHERE\n  oid = $1\n" [3mrows_affected[0m[2m=[0m0 [3mrows_returned[0m[2m=[0m1 [3melapsed[0m[2m=[0m366.292s
[2m2025-11-19T01:03:52.037122Z[0m [34mDEBUG[0m [2msqlx::query[0m[2m:[0m [3msummary[0m[2m=[0m"SELECT enumlabel FROM pg_catalog.pg_enum " [3mdb.statement[0m[2m=[0m"\n\nSELECT\n  enumlabel\nFROM\n  pg_catalog.pg_enum\nWHERE\n  enumtypid = $1\nORDER BY\n  enumsortorder\n" [3mrows_affected[0m[2m=[0m5 [3mrows_returned[0m[2m=[0m5 [3melapsed[0m[2m=[0m390.75s
[2m2025-11-19T01:03:52.037572Z[0m [34mDEBUG[0m [2msqlx::query[0m[2m:[0m [3msummary[0m[2m=[0m"SELECT typname, typtype, typcategory, " [3mdb.statement[0m[2m=[0m"\n\nSELECT\n  typname,\n  typtype,\n  typcategory,\n  typrelid,\n  typelem,\n  typbasetype\nFROM\n  pg_catalog.pg_type\nWHERE\n  oid = $1\n" [3mrows_affected[0m[2m=[0m0 [3mrows_returned[0m[2m=[0m1 [3melapsed[0m[2m=[0m390.209s
[2m2025-11-19T01:03:52.038075Z[0m [34mDEBUG[0m [2msqlx::query[0m[2m:[0m [3msummary[0m[2m=[0m"SELECT enumlabel FROM pg_catalog.pg_enum " [3mdb.statement[0m[2m=[0m"\n\nSELECT\n  enumlabel\nFROM\n  pg_catalog.pg_enum\nWHERE\n  enumtypid = $1\nORDER BY\n  enumsortorder\n" [3mrows_affected[0m[2m=[0m3 [3mrows_returned[0m[2m=[0m3 [3melapsed[0m[2m=[0m467.375s
[2m2025-11-19T01:03:52.038547Z[0m [34mDEBUG[0m [2msqlx::query[0m[2m:[0m [3msummary[0m[2m=[0m"SELECT typname, typtype, typcategory, " [3mdb.statement[0m[2m=[0m"\n\nSELECT\n  typname,\n  typtype,\n  typcategory,\n  typrelid,\n  typelem,\n  typbasetype\nFROM\n  pg_catalog.pg_type\nWHERE\n  oid = $1\n" [3mrows_affected[0m[2m=[0m0 [3mrows_returned[0m[2m=[0m1 [3melapsed[0m[2m=[0m389.416s
[2m2025-11-19T01:03:52.038947Z[0m [34mDEBUG[0m [2msqlx::query[0m[2m:[0m [3msummary[0m[2m=[0m"SELECT enumlabel FROM pg_catalog.pg_enum " [3mdb.statement[0m[2m=[0m"\n\nSELECT\n  enumlabel\nFROM\n  pg_catalog.pg_enum\nWHERE\n  enumtypid = $1\nORDER BY\n  enumsortorder\n" [3mrows_affected[0m[2m=[0m5 [3mrows_returned[0m[2m=[0m5 [3melapsed[0m[2m=[0m347.75s
[2m2025-11-19T01:03:52.039354Z[0m [34mDEBUG[0m [2msqlx::query[0m[2m:[0m [3msummary[0m[2m=[0m"SELECT typname, typtype, typcategory, " [3mdb.statement[0m[2m=[0m"\n\nSELECT\n  typname,\n  typtype,\n  typcategory,\n  typrelid,\n  typelem,\n  typbasetype\nFROM\n  pg_catalog.pg_type\nWHERE\n  oid = $1\n" [3mrows_affected[0m[2m=[0m0 [3mrows_returned[0m[2m=[0m1 [3melapsed[0m[2m=[0m340.208s
[2m2025-11-19T01:03:52.039705Z[0m [34mDEBUG[0m [2msqlx::query[0m[2m:[0m [3msummary[0m[2m=[0m"SELECT enumlabel FROM pg_catalog.pg_enum " [3mdb.statement[0m[2m=[0m"\n\nSELECT\n  enumlabel\nFROM\n  pg_catalog.pg_enum\nWHERE\n  enumtypid = $1\nORDER BY\n  enumsortorder\n" [3mrows_affected[0m[2m=[0m8 [3mrows_returned[0m[2m=[0m8 [3melapsed[0m[2m=[0m313.75s
[2m2025-11-19T01:03:52.040075Z[0m [34mDEBUG[0m [2msqlx::query[0m[2m:[0m [3msummary[0m[2m=[0m"SELECT typname, typtype, typcategory, " [3mdb.statement[0m[2m=[0m"\n\nSELECT\n  typname,\n  typtype,\n  typcategory,\n  typrelid,\n  typelem,\n  typbasetype\nFROM\n  pg_catalog.pg_type\nWHERE\n  oid = $1\n" [3mrows_affected[0m[2m=[0m0 [3mrows_returned[0m[2m=[0m1 [3melapsed[0m[2m=[0m311.833s
[2m2025-11-19T01:03:52.040454Z[0m [34mDEBUG[0m [2msqlx::query[0m[2m:[0m [3msummary[0m[2m=[0m"SELECT enumlabel FROM pg_catalog.pg_enum " [3mdb.statement[0m[2m=[0m"\n\nSELECT\n  enumlabel\nFROM\n  pg_catalog.pg_enum\nWHERE\n  enumtypid = $1\nORDER BY\n  enumsortorder\n" [3mrows_affected[0m[2m=[0m6 [3mrows_returned[0m[2m=[0m6 [3melapsed[0m[2m=[0m323.709s
[2m2025-11-19T01:03:52.040822Z[0m [34mDEBUG[0m [2msqlx::query[0m[2m:[0m [3msummary[0m[2m=[0m"SELECT typname, typtype, typcategory, " [3mdb.statement[0m[2m=[0m"\n\nSELECT\n  typname,\n  typtype,\n  typcategory,\n  typrelid,\n  typelem,\n  typbasetype\nFROM\n  pg_catalog.pg_type\nWHERE\n  oid = $1\n" [3mrows_affected[0m[2m=[0m0 [3mrows_returned[0m[2m=[0m1 [3melapsed[0m[2m=[0m303.709s
[2m2025-11-19T01:03:52.041220Z[0m [34mDEBUG[0m [2msqlx::query[0m[2m:[0m [3msummary[0m[2m=[0m"SELECT enumlabel FROM pg_catalog.pg_enum " [3mdb.statement[0m[2m=[0m"\n\nSELECT\n  enumlabel\nFROM\n  pg_catalog.pg_enum\nWHERE\n  enumtypid = $1\nORDER BY\n  enumsortorder\n" [3mrows_affected[0m[2m=[0m5 [3mrows_returned[0m[2m=[0m5 [3melapsed[0m[2m=[0m320.25s
[2m2025-11-19T01:03:52.041556Z[0m [34mDEBUG[0m [2msqlx::query[0m[2m:[0m [3msummary[0m[2m=[0m"SELECT typname, typtype, typcategory, " [3mdb.statement[0m[2m=[0m"\n\nSELECT\n  typname,\n  typtype,\n  typcategory,\n  typrelid,\n  typelem,\n  typbasetype\nFROM\n  pg_catalog.pg_type\nWHERE\n  oid = $1\n" [3mrows_affected[0m[2m=[0m0 [3mrows_returned[0m[2m=[0m1 [3melapsed[0m[2m=[0m273.291s
[2m2025-11-19T01:03:52.041860Z[0m [34mDEBUG[0m [2msqlx::query[0m[2m:[0m [3msummary[0m[2m=[0m"SELECT enumlabel FROM pg_catalog.pg_enum " [3mdb.statement[0m[2m=[0m"\n\nSELECT\n  enumlabel\nFROM\n  pg_catalog.pg_enum\nWHERE\n  enumtypid = $1\nORDER BY\n  enumsortorder\n" [3mrows_affected[0m[2m=[0m6 [3mrows_returned[0m[2m=[0m6 [3melapsed[0m[2m=[0m269.208s
[2m2025-11-19T01:03:52.042227Z[0m [34mDEBUG[0m [2msqlx::query[0m[2m:[0m [3msummary[0m[2m=[0m"SELECT typname, typtype, typcategory, " [3mdb.statement[0m[2m=[0m"\n\nSELECT\n  typname,\n  typtype,\n  typcategory,\n  typrelid,\n  typelem,\n  typbasetype\nFROM\n  pg_catalog.pg_type\nWHERE\n  oid = $1\n" [3mrows_affected[0m[2m=[0m0 [3mrows_returned[0m[2m=[0m1 [3melapsed[0m[2m=[0m304.5s
[2m2025-11-19T01:03:52.042557Z[0m [34mDEBUG[0m [2msqlx::query[0m[2m:[0m [3msummary[0m[2m=[0m"SELECT enumlabel FROM pg_catalog.pg_enum " [3mdb.statement[0m[2m=[0m"\n\nSELECT\n  enumlabel\nFROM\n  pg_catalog.pg_enum\nWHERE\n  enumtypid = $1\nORDER BY\n  enumsortorder\n" [3mrows_affected[0m[2m=[0m5 [3mrows_returned[0m[2m=[0m5 [3melapsed[0m[2m=[0m276.625s
[2m2025-11-19T01:03:52.042878Z[0m [34mDEBUG[0m [2msqlx::query[0m[2m:[0m [3msummary[0m[2m=[0m"SELECT typname, typtype, typcategory, " [3mdb.statement[0m[2m=[0m"\n\nSELECT\n  typname,\n  typtype,\n  typcategory,\n  typrelid,\n  typelem,\n  typbasetype\nFROM\n  pg_catalog.pg_type\nWHERE\n  oid = $1\n" [3mrows_affected[0m[2m=[0m0 [3mrows_returned[0m[2m=[0m1 [3melapsed[0m[2m=[0m245.75s
[2m2025-11-19T01:03:52.043178Z[0m [34mDEBUG[0m [2msqlx::query[0m[2m:[0m [3msummary[0m[2m=[0m"SELECT enumlabel FROM pg_catalog.pg_enum " [3mdb.statement[0m[2m=[0m"\n\nSELECT\n  enumlabel\nFROM\n  pg_catalog.pg_enum\nWHERE\n  enumtypid = $1\nORDER BY\n  enumsortorder\n" [3mrows_affected[0m[2m=[0m4 [3mrows_returned[0m[2m=[0m4 [3melapsed[0m[2m=[0m262.167s
[2m2025-11-19T01:03:52.043515Z[0m [34mDEBUG[0m [2msqlx::query[0m[2m:[0m [3msummary[0m[2m=[0m"SELECT typname, typtype, typcategory, " [3mdb.statement[0m[2m=[0m"\n\nSELECT\n  typname,\n  typtype,\n  typcategory,\n  typrelid,\n  typelem,\n  typbasetype\nFROM\n  pg_catalog.pg_type\nWHERE\n  oid = $1\n" [3mrows_affected[0m[2m=[0m0 [3mrows_returned[0m[2m=[0m1 [3melapsed[0m[2m=[0m275.375s
[2m2025-11-19T01:03:52.043824Z[0m [34mDEBUG[0m [2msqlx::query[0m[2m:[0m [3msummary[0m[2m=[0m"SELECT enumlabel FROM pg_catalog.pg_enum " [3mdb.statement[0m[2m=[0m"\n\nSELECT\n  enumlabel\nFROM\n  pg_catalog.pg_enum\nWHERE\n  enumtypid = $1\nORDER BY\n  enumsortorder\n" [3mrows_affected[0m[2m=[0m4 [3mrows_returned[0m[2m=[0m4 [3melapsed[0m[2m=[0m275.083s
[2m2025-11-19T01:03:52.045928Z[0m [34mDEBUG[0m [2msqlx::query[0m[2m:[0m [3msummary[0m[2m=[0m"SELECT * FROM assets " [3mdb.statement[0m[2m=[0m"\n\nSELECT\n  *\nFROM\n  assets\nORDER BY\n  created_at DESC\n" [3mrows_affected[0m[2m=[0m0 [3mrows_returned[0m[2m=[0m1 [3melapsed[0m[2m=[0m12.695792ms
[2m2025-11-19T01:03:56.542176Z[0m [34mDEBUG[0m [2msqlx::query[0m[2m:[0m [3msummary[0m[2m=[0m"SELECT * FROM jobs " [3mdb.statement[0m[2m=[0m"\n\nSELECT\n  *\nFROM\n  jobs\nWHERE\n  status = 'pending'\nORDER BY\n  created_at ASC\nLIMIT\n  $1\n" [3mrows_affected[0m[2m=[0m0 [3mrows_returned[0m[2m=[0m0 [3melapsed[0m[2m=[0m1.928125ms
[2m2025-11-19T01:04:01.542177Z[0m [34mDEBUG[0m [2msqlx::query[0m[2m:[0m [3msummary[0m[2m=[0m"SELECT * FROM jobs " [3mdb.statement[0m[2m=[0m"\n\nSELECT\n  *\nFROM\n  jobs\nWHERE\n  status = 'pending'\nORDER BY\n  created_at ASC\nLIMIT\n  $1\n" [3mrows_affected[0m[2m=[0m0 [3mrows_returned[0m[2m=[0m0 [3melapsed[0m[2m=[0m1.687083ms
[2m2025-11-19T01:04:06.541796Z[0m [34mDEBUG[0m [2msqlx::query[0m[2m:[0m [3msummary[0m[2m=[0m"SELECT * FROM jobs " [3mdb.statement[0m[2m=[0m"\n\nSELECT\n  *\nFROM\n  jobs\nWHERE\n  status = 'pending'\nORDER BY\n  created_at ASC\nLIMIT\n  $1\n" [3mrows_affected[0m[2m=[0m0 [3mrows_returned[0m[2m=[0m0 [3melapsed[0m[2m=[0m1.436458ms
[2m2025-11-19T01:04:11.538968Z[0m [34mDEBUG[0m [2msqlx::query[0m[2m:[0m [3msummary[0m[2m=[0m"SELECT * FROM jobs " [3mdb.statement[0m[2m=[0m"\n\nSELECT\n  *\nFROM\n  jobs\nWHERE\n  status = 'pending'\nORDER BY\n  created_at ASC\nLIMIT\n  $1\n" [3mrows_affected[0m[2m=[0m0 [3mrows_returned[0m[2m=[0m0 [3melapsed[0m[2m=[0m868.416s
[2m2025-11-19T01:04:16.540571Z[0m [34mDEBUG[0m [2msqlx::query[0m[2m:[0m [3msummary[0m[2m=[0m"SELECT * FROM jobs " [3mdb.statement[0m[2m=[0m"\n\nSELECT\n  *\nFROM\n  jobs\nWHERE\n  status = 'pending'\nORDER BY\n  created_at ASC\nLIMIT\n  $1\n" [3mrows_affected[0m[2m=[0m0 [3mrows_returned[0m[2m=[0m0 [3melapsed[0m[2m=[0m1.342625ms
[2m2025-11-19T01:04:21.540238Z[0m [34mDEBUG[0m [2msqlx::query[0m[2m:[0m [3msummary[0m[2m=[0m"SELECT * FROM jobs " [3mdb.statement[0m[2m=[0m"\n\nSELECT\n  *\nFROM\n  jobs\nWHERE\n  status = 'pending'\nORDER BY\n  created_at ASC\nLIMIT\n  $1\n" [3mrows_affected[0m[2m=[0m0 [3mrows_returned[0m[2m=[0m0 [3melapsed[0m[2m=[0m1.376292ms
[2m2025-11-19T01:04:26.540228Z[0m [34mDEBUG[0m [2msqlx::query[0m[2m:[0m [3msummary[0m[2m=[0m"SELECT * FROM jobs " [3mdb.statement[0m[2m=[0m"\n\nSELECT\n  *\nFROM\n  jobs\nWHERE\n  status = 'pending'\nORDER BY\n  created_at ASC\nLIMIT\n  $1\n" [3mrows_affected[0m[2m=[0m0 [3mrows_returned[0m[2m=[0m0 [3melapsed[0m[2m=[0m1.180167ms
[2m2025-11-19T01:04:31.539883Z[0m [34mDEBUG[0m [2msqlx::query[0m[2m:[0m [3msummary[0m[2m=[0m"SELECT * FROM jobs " [3mdb.statement[0m[2m=[0m"\n\nSELECT\n  *\nFROM\n  jobs\nWHERE\n  status = 'pending'\nORDER BY\n  created_at ASC\nLIMIT\n  $1\n" [3mrows_affected[0m[2m=[0m0 [3mrows_returned[0m[2m=[0m0 [3melapsed[0m[2m=[0m1.311875ms
[2m2025-11-19T01:04:36.540201Z[0m [34mDEBUG[0m [2msqlx::query[0m[2m:[0m [3msummary[0m[2m=[0m"SELECT * FROM jobs " [3mdb.statement[0m[2m=[0m"\n\nSELECT\n  *\nFROM\n  jobs\nWHERE\n  status = 'pending'\nORDER BY\n  created_at ASC\nLIMIT\n  $1\n" [3mrows_affected[0m[2m=[0m0 [3mrows_returned[0m[2m=[0m0 [3melapsed[0m[2m=[0m1.196ms
[2m2025-11-19T01:04:41.540770Z[0m [34mDEBUG[0m [2msqlx::query[0m[2m:[0m [3msummary[0m[2m=[0m"SELECT * FROM jobs " [3mdb.statement[0m[2m=[0m"\n\nSELECT\n  *\nFROM\n  jobs\nWHERE\n  status = 'pending'\nORDER BY\n  created_at ASC\nLIMIT\n  $1\n" [3mrows_affected[0m[2m=[0m0 [3mrows_returned[0m[2m=[0m0 [3melapsed[0m[2m=[0m1.478333ms
[2m2025-11-19T01:04:46.540599Z[0m [34mDEBUG[0m [2msqlx::query[0m[2m:[0m [3msummary[0m[2m=[0m"SELECT * FROM jobs " [3mdb.statement[0m[2m=[0m"\n\nSELECT\n  *\nFROM\n  jobs\nWHERE\n  status = 'pending'\nORDER BY\n  created_at ASC\nLIMIT\n  $1\n" [3mrows_affected[0m[2m=[0m0 [3mrows_returned[0m[2m=[0m0 [3melapsed[0m[2m=[0m1.223834ms
[2m2025-11-19T01:04:51.539652Z[0m [34mDEBUG[0m [2msqlx::query[0m[2m:[0m [3msummary[0m[2m=[0m"SELECT * FROM jobs " [3mdb.statement[0m[2m=[0m"\n\nSELECT\n  *\nFROM\n  jobs\nWHERE\n  status = 'pending'\nORDER BY\n  created_at ASC\nLIMIT\n  $1\n" [3mrows_affected[0m[2m=[0m0 [3mrows_returned[0m[2m=[0m0 [3melapsed[0m[2m=[0m1.145583ms
[2m2025-11-19T01:04:56.540350Z[0m [34mDEBUG[0m [2msqlx::query[0m[2m:[0m [3msummary[0m[2m=[0m"SELECT * FROM jobs " [3mdb.statement[0m[2m=[0m"\n\nSELECT\n  *\nFROM\n  jobs\nWHERE\n  status = 'pending'\nORDER BY\n  created_at ASC\nLIMIT\n  $1\n" [3mrows_affected[0m[2m=[0m0 [3mrows_returned[0m[2m=[0m0 [3melapsed[0m[2m=[0m1.306875ms
[2m2025-11-19T01:05:01.539640Z[0m [34mDEBUG[0m [2msqlx::query[0m[2m:[0m [3msummary[0m[2m=[0m"SELECT * FROM jobs " [3mdb.statement[0m[2m=[0m"\n\nSELECT\n  *\nFROM\n  jobs\nWHERE\n  status = 'pending'\nORDER BY\n  created_at ASC\nLIMIT\n  $1\n" [3mrows_affected[0m[2m=[0m0 [3mrows_returned[0m[2m=[0m0 [3melapsed[0m[2m=[0m1.184834ms
[2m2025-11-19T01:05:06.539552Z[0m [34mDEBUG[0m [2msqlx::query[0m[2m:[0m [3msummary[0m[2m=[0m"SELECT * FROM jobs " [3mdb.statement[0m[2m=[0m"\n\nSELECT\n  *\nFROM\n  jobs\nWHERE\n  status = 'pending'\nORDER BY\n  created_at ASC\nLIMIT\n  $1\n" [3mrows_affected[0m[2m=[0m0 [3mrows_returned[0m[2m=[0m0 [3melapsed[0m[2m=[0m890.375s
[2m2025-11-19T01:05:11.539291Z[0m [34mDEBUG[0m [2msqlx::query[0m[2m:[0m [3msummary[0m[2m=[0m"SELECT * FROM jobs " [3mdb.statement[0m[2m=[0m"\n\nSELECT\n  *\nFROM\n  jobs\nWHERE\n  status = 'pending'\nORDER BY\n  created_at ASC\nLIMIT\n  $1\n" [3mrows_affected[0m[2m=[0m0 [3mrows_returned[0m[2m=[0m0 [3melapsed[0m[2m=[0m1.027458ms
[2m2025-11-19T01:05:16.539995Z[0m [34mDEBUG[0m [2msqlx::query[0m[2m:[0m [3msummary[0m[2m=[0m"SELECT * FROM jobs " [3mdb.statement[0m[2m=[0m"\n\nSELECT\n  *\nFROM\n  jobs\nWHERE\n  status = 'pending'\nORDER BY\n  created_at ASC\nLIMIT\n  $1\n" [3mrows_affected[0m[2m=[0m0 [3mrows_returned[0m[2m=[0m0 [3melapsed[0m[2m=[0m1.236708ms
[2m2025-11-19T01:05:21.539776Z[0m [34mDEBUG[0m [2msqlx::query[0m[2m:[0m [3msummary[0m[2m=[0m"SELECT * FROM jobs " [3mdb.statement[0m[2m=[0m"\n\nSELECT\n  *\nFROM\n  jobs\nWHERE\n  status = 'pending'\nORDER BY\n  created_at ASC\nLIMIT\n  $1\n" [3mrows_affected[0m[2m=[0m0 [3mrows_returned[0m[2m=[0m0 [3melapsed[0m[2m=[0m1.257583ms
[2m2025-11-19T01:05:26.539281Z[0m [34mDEBUG[0m [2msqlx::query[0m[2m:[0m [3msummary[0m[2m=[0m"SELECT * FROM jobs " [3mdb.statement[0m[2m=[0m"\n\nSELECT\n  *\nFROM\n  jobs\nWHERE\n  status = 'pending'\nORDER BY\n  created_at ASC\nLIMIT\n  $1\n" [3mrows_affected[0m[2m=[0m0 [3mrows_returned[0m[2m=[0m0 [3melapsed[0m[2m=[0m1.159708ms
[2m2025-11-19T01:05:31.539127Z[0m [34mDEBUG[0m [2msqlx::query[0m[2m:[0m [3msummary[0m[2m=[0m"SELECT * FROM jobs " [3mdb.statement[0m[2m=[0m"\n\nSELECT\n  *\nFROM\n  jobs\nWHERE\n  status = 'pending'\nORDER BY\n  created_at ASC\nLIMIT\n  $1\n" [3mrows_affected[0m[2m=[0m0 [3mrows_returned[0m[2m=[0m0 [3melapsed[0m[2m=[0m1.050708ms
[2m2025-11-19T01:05:36.540369Z[0m [34mDEBUG[0m [2msqlx::query[0m[2m:[0m [3msummary[0m[2m=[0m"SELECT * FROM jobs " [3mdb.statement[0m[2m=[0m"\n\nSELECT\n  *\nFROM\n  jobs\nWHERE\n  status = 'pending'\nORDER BY\n  created_at ASC\nLIMIT\n  $1\n" [3mrows_affected[0m[2m=[0m0 [3mrows_returned[0m[2m=[0m0 [3melapsed[0m[2m=[0m1.502875ms
[2m2025-11-19T01:05:41.540952Z[0m [34mDEBUG[0m [2msqlx::query[0m[2m:[0m [3msummary[0m[2m=[0m"SELECT * FROM jobs " [3mdb.statement[0m[2m=[0m"\n\nSELECT\n  *\nFROM\n  jobs\nWHERE\n  status = 'pending'\nORDER BY\n  created_at ASC\nLIMIT\n  $1\n" [3mrows_affected[0m[2m=[0m0 [3mrows_returned[0m[2m=[0m0 [3melapsed[0m[2m=[0m1.809708ms
[2m2025-11-19T01:05:46.540694Z[0m [34mDEBUG[0m [2msqlx::query[0m[2m:[0m [3msummary[0m[2m=[0m"SELECT * FROM jobs " [3mdb.statement[0m[2m=[0m"\n\nSELECT\n  *\nFROM\n  jobs\nWHERE\n  status = 'pending'\nORDER BY\n  created_at ASC\nLIMIT\n  $1\n" [3mrows_affected[0m[2m=[0m0 [3mrows_returned[0m[2m=[0m0 [3melapsed[0m[2m=[0m1.653209ms
[2m2025-11-19T01:05:51.539305Z[0m [34mDEBUG[0m [2msqlx::query[0m[2m:[0m [3msummary[0m[2m=[0m"SELECT * FROM jobs " [3mdb.statement[0m[2m=[0m"\n\nSELECT\n  *\nFROM\n  jobs\nWHERE\n  status = 'pending'\nORDER BY\n  created_at ASC\nLIMIT\n  $1\n" [3mrows_affected[0m[2m=[0m0 [3mrows_returned[0m[2m=[0m0 [3melapsed[0m[2m=[0m1.027125ms
[2m2025-11-19T01:05:56.540284Z[0m [34mDEBUG[0m [2msqlx::query[0m[2m:[0m [3msummary[0m[2m=[0m"SELECT * FROM jobs " [3mdb.statement[0m[2m=[0m"\n\nSELECT\n  *\nFROM\n  jobs\nWHERE\n  status = 'pending'\nORDER BY\n  created_at ASC\nLIMIT\n  $1\n" [3mrows_affected[0m[2m=[0m0 [3mrows_returned[0m[2m=[0m0 [3melapsed[0m[2m=[0m1.421458ms
[2m2025-11-19T01:06:01.540924Z[0m [34mDEBUG[0m [2msqlx::query[0m[2m:[0m [3msummary[0m[2m=[0m"SELECT * FROM jobs " [3mdb.statement[0m[2m=[0m"\n\nSELECT\n  *\nFROM\n  jobs\nWHERE\n  status = 'pending'\nORDER BY\n  created_at ASC\nLIMIT\n  $1\n" [3mrows_affected[0m[2m=[0m0 [3mrows_returned[0m[2m=[0m0 [3melapsed[0m[2m=[0m1.825875ms
[2m2025-11-19T01:06:06.538604Z[0m [34mDEBUG[0m [2msqlx::query[0m[2m:[0m [3msummary[0m[2m=[0m"SELECT * FROM jobs " [3mdb.statement[0m[2m=[0m"\n\nSELECT\n  *\nFROM\n  jobs\nWHERE\n  status = 'pending'\nORDER BY\n  created_at ASC\nLIMIT\n  $1\n" [3mrows_affected[0m[2m=[0m0 [3mrows_returned[0m[2m=[0m0 [3melapsed[0m[2m=[0m551.417s
[2m2025-11-19T01:06:11.538867Z[0m [34mDEBUG[0m [2msqlx::query[0m[2m:[0m [3msummary[0m[2m=[0m"SELECT * FROM jobs " [3mdb.statement[0m[2m=[0m"\n\nSELECT\n  *\nFROM\n  jobs\nWHERE\n  status = 'pending'\nORDER BY\n  created_at ASC\nLIMIT\n  $1\n" [3mrows_affected[0m[2m=[0m0 [3mrows_returned[0m[2m=[0m0 [3melapsed[0m[2m=[0m1.082416ms
[2m2025-11-19T01:06:16.539826Z[0m [34mDEBUG[0m [2msqlx::query[0m[2m:[0m [3msummary[0m[2m=[0m"SELECT * FROM jobs " [3mdb.statement[0m[2m=[0m"\n\nSELECT\n  *\nFROM\n  jobs\nWHERE\n  status = 'pending'\nORDER BY\n  created_at ASC\nLIMIT\n  $1\n" [3mrows_affected[0m[2m=[0m0 [3mrows_returned[0m[2m=[0m0 [3melapsed[0m[2m=[0m1.535125ms
[2m2025-11-19T01:06:21.540799Z[0m [34mDEBUG[0m [2msqlx::query[0m[2m:[0m [3msummary[0m[2m=[0m"SELECT * FROM jobs " [3mdb.statement[0m[2m=[0m"\n\nSELECT\n  *\nFROM\n  jobs\nWHERE\n  status = 'pending'\nORDER BY\n  created_at ASC\nLIMIT\n  $1\n" [3mrows_affected[0m[2m=[0m0 [3mrows_returned[0m[2m=[0m0 [3melapsed[0m[2m=[0m1.942125ms
[2m2025-11-19T01:06:26.540262Z[0m [34mDEBUG[0m [2msqlx::query[0m[2m:[0m [3msummary[0m[2m=[0m"SELECT * FROM jobs " [3mdb.statement[0m[2m=[0m"\n\nSELECT\n  *\nFROM\n  jobs\nWHERE\n  status = 'pending'\nORDER BY\n  created_at ASC\nLIMIT\n  $1\n" [3mrows_affected[0m[2m=[0m0 [3mrows_returned[0m[2m=[0m0 [3melapsed[0m[2m=[0m1.496041ms
[2m2025-11-19T01:06:31.539677Z[0m [34mDEBUG[0m [2msqlx::query[0m[2m:[0m [3msummary[0m[2m=[0m"SELECT * FROM jobs " [3mdb.statement[0m[2m=[0m"\n\nSELECT\n  *\nFROM\n  jobs\nWHERE\n  status = 'pending'\nORDER BY\n  created_at ASC\nLIMIT\n  $1\n" [3mrows_affected[0m[2m=[0m0 [3mrows_returned[0m[2m=[0m0 [3melapsed[0m[2m=[0m1.473875ms
[2m2025-11-19T01:06:36.539391Z[0m [34mDEBUG[0m [2msqlx::query[0m[2m:[0m [3msummary[0m[2m=[0m"SELECT * FROM jobs " [3mdb.statement[0m[2m=[0m"\n\nSELECT\n  *\nFROM\n  jobs\nWHERE\n  status = 'pending'\nORDER BY\n  created_at ASC\nLIMIT\n  $1\n" [3mrows_affected[0m[2m=[0m0 [3mrows_returned[0m[2m=[0m0 [3melapsed[0m[2m=[0m976.167s
[2m2025-11-19T01:06:41.539031Z[0m [34mDEBUG[0m [2msqlx::query[0m[2m:[0m [3msummary[0m[2m=[0m"SELECT * FROM jobs " [3mdb.statement[0m[2m=[0m"\n\nSELECT\n  *\nFROM\n  jobs\nWHERE\n  status = 'pending'\nORDER BY\n  created_at ASC\nLIMIT\n  $1\n" [3mrows_affected[0m[2m=[0m0 [3mrows_returned[0m[2m=[0m0 [3melapsed[0m[2m=[0m1.285833ms
[2m2025-11-19T01:06:46.538598Z[0m [34mDEBUG[0m [2msqlx::query[0m[2m:[0m [3msummary[0m[2m=[0m"SELECT * FROM jobs " [3mdb.statement[0m[2m=[0m"\n\nSELECT\n  *\nFROM\n  jobs\nWHERE\n  status = 'pending'\nORDER BY\n  created_at ASC\nLIMIT\n  $1\n" [3mrows_affected[0m[2m=[0m0 [3mrows_returned[0m[2m=[0m0 [3melapsed[0m[2m=[0m1.046083ms
[2m2025-11-19T01:06:51.539114Z[0m [34mDEBUG[0m [2msqlx::query[0m[2m:[0m [3msummary[0m[2m=[0m"SELECT * FROM jobs " [3mdb.statement[0m[2m=[0m"\n\nSELECT\n  *\nFROM\n  jobs\nWHERE\n  status = 'pending'\nORDER BY\n  created_at ASC\nLIMIT\n  $1\n" [3mrows_affected[0m[2m=[0m0 [3mrows_returned[0m[2m=[0m0 [3melapsed[0m[2m=[0m1.366291ms
[2m2025-11-19T01:06:56.538385Z[0m [34mDEBUG[0m [2msqlx::query[0m[2m:[0m [3msummary[0m[2m=[0m"SELECT * FROM jobs " [3mdb.statement[0m[2m=[0m"\n\nSELECT\n  *\nFROM\n  jobs\nWHERE\n  status = 'pending'\nORDER BY\n  created_at ASC\nLIMIT\n  $1\n" [3mrows_affected[0m[2m=[0m0 [3mrows_returned[0m[2m=[0m0 [3melapsed[0m[2m=[0m995.75s
[2m2025-11-19T01:07:01.537405Z[0m [34mDEBUG[0m [2msqlx::query[0m[2m:[0m [3msummary[0m[2m=[0m"SELECT * FROM jobs " [3mdb.statement[0m[2m=[0m"\n\nSELECT\n  *\nFROM\n  jobs\nWHERE\n  status = 'pending'\nORDER BY\n  created_at ASC\nLIMIT\n  $1\n" [3mrows_affected[0m[2m=[0m0 [3mrows_returned[0m[2m=[0m0 [3melapsed[0m[2m=[0m465.5s
[2m2025-11-19T01:07:06.536838Z[0m [34mDEBUG[0m [2msqlx::query[0m[2m:[0m [3msummary[0m[2m=[0m"SELECT * FROM jobs " [3mdb.statement[0m[2m=[0m"\n\nSELECT\n  *\nFROM\n  jobs\nWHERE\n  status = 'pending'\nORDER BY\n  created_at ASC\nLIMIT\n  $1\n" [3mrows_affected[0m[2m=[0m0 [3mrows_returned[0m[2m=[0m0 [3melapsed[0m[2m=[0m490.708s
[2m2025-11-19T01:07:11.538868Z[0m [34mDEBUG[0m [2msqlx::query[0m[2m:[0m [3msummary[0m[2m=[0m"SELECT * FROM jobs " [3mdb.statement[0m[2m=[0m"\n\nSELECT\n  *\nFROM\n  jobs\nWHERE\n  status = 'pending'\nORDER BY\n  created_at ASC\nLIMIT\n  $1\n" [3mrows_affected[0m[2m=[0m0 [3mrows_returned[0m[2m=[0m0 [3melapsed[0m[2m=[0m1.329958ms
[2m2025-11-19T01:07:16.537382Z[0m [34mDEBUG[0m [2msqlx::query[0m[2m:[0m [3msummary[0m[2m=[0m"SELECT * FROM jobs " [3mdb.statement[0m[2m=[0m"\n\nSELECT\n  *\nFROM\n  jobs\nWHERE\n  status = 'pending'\nORDER BY\n  created_at ASC\nLIMIT\n  $1\n" [3mrows_affected[0m[2m=[0m0 [3mrows_returned[0m[2m=[0m0 [3melapsed[0m[2m=[0m923.375s
[2m2025-11-19T01:07:21.538670Z[0m [34mDEBUG[0m [2msqlx::query[0m[2m:[0m [3msummary[0m[2m=[0m"SELECT * FROM jobs " [3mdb.statement[0m[2m=[0m"\n\nSELECT\n  *\nFROM\n  jobs\nWHERE\n  status = 'pending'\nORDER BY\n  created_at ASC\nLIMIT\n  $1\n" [3mrows_affected[0m[2m=[0m0 [3mrows_returned[0m[2m=[0m0 [3melapsed[0m[2m=[0m1.347458ms
[2m2025-11-19T01:07:26.539047Z[0m [34mDEBUG[0m [2msqlx::query[0m[2m:[0m [3msummary[0m[2m=[0m"SELECT * FROM jobs " [3mdb.statement[0m[2m=[0m"\n\nSELECT\n  *\nFROM\n  jobs\nWHERE\n  status = 'pending'\nORDER BY\n  created_at ASC\nLIMIT\n  $1\n" [3mrows_affected[0m[2m=[0m0 [3mrows_returned[0m[2m=[0m0 [3melapsed[0m[2m=[0m1.4805ms
[2m2025-11-19T01:07:31.538417Z[0m [34mDEBUG[0m [2msqlx::query[0m[2m:[0m [3msummary[0m[2m=[0m"SELECT * FROM jobs " [3mdb.statement[0m[2m=[0m"\n\nSELECT\n  *\nFROM\n  jobs\nWHERE\n  status = 'pending'\nORDER BY\n  created_at ASC\nLIMIT\n  $1\n" [3mrows_affected[0m[2m=[0m0 [3mrows_returned[0m[2m=[0m0 [3melapsed[0m[2m=[0m1.576875ms
[2m2025-11-19T01:07:36.537578Z[0m [34mDEBUG[0m [2msqlx::query[0m[2m:[0m [3msummary[0m[2m=[0m"SELECT * FROM jobs " [3mdb.statement[0m[2m=[0m"\n\nSELECT\n  *\nFROM\n  jobs\nWHERE\n  status = 'pending'\nORDER BY\n  created_at ASC\nLIMIT\n  $1\n" [3mrows_affected[0m[2m=[0m0 [3mrows_returned[0m[2m=[0m0 [3melapsed[0m[2m=[0m877.833s
[2m2025-11-19T01:07:41.540328Z[0m [34mDEBUG[0m [2msqlx::query[0m[2m:[0m [3msummary[0m[2m=[0m"SELECT * FROM jobs " [3mdb.statement[0m[2m=[0m"\n\nSELECT\n  *\nFROM\n  jobs\nWHERE\n  status = 'pending'\nORDER BY\n  created_at ASC\nLIMIT\n  $1\n" [3mrows_affected[0m[2m=[0m0 [3mrows_returned[0m[2m=[0m0 [3melapsed[0m[2m=[0m1.702584ms
[2m2025-11-19T01:07:46.537315Z[0m [34mDEBUG[0m [2msqlx::query[0m[2m:[0m [3msummary[0m[2m=[0m"SELECT * FROM jobs " [3mdb.statement[0m[2m=[0m"\n\nSELECT\n  *\nFROM\n  jobs\nWHERE\n  status = 'pending'\nORDER BY\n  created_at ASC\nLIMIT\n  $1\n" [3mrows_affected[0m[2m=[0m0 [3mrows_returned[0m[2m=[0m0 [3melapsed[0m[2m=[0m466.125s
[2m2025-11-19T01:07:51.539306Z[0m [34mDEBUG[0m [2msqlx::query[0m[2m:[0m [3msummary[0m[2m=[0m"SELECT * FROM jobs " [3mdb.statement[0m[2m=[0m"\n\nSELECT\n  *\nFROM\n  jobs\nWHERE\n  status = 'pending'\nORDER BY\n  created_at ASC\nLIMIT\n  $1\n" [3mrows_affected[0m[2m=[0m0 [3mrows_returned[0m[2m=[0m0 [3melapsed[0m[2m=[0m1.363583ms
[2m2025-11-19T01:07:56.538380Z[0m [34mDEBUG[0m [2msqlx::query[0m[2m:[0m [3msummary[0m[2m=[0m"SELECT * FROM jobs " [3mdb.statement[0m[2m=[0m"\n\nSELECT\n  *\nFROM\n  jobs\nWHERE\n  status = 'pending'\nORDER BY\n  created_at ASC\nLIMIT\n  $1\n" [3mrows_affected[0m[2m=[0m0 [3mrows_returned[0m[2m=[0m0 [3melapsed[0m[2m=[0m1.094167ms
[2m2025-11-19T01:08:01.538573Z[0m [34mDEBUG[0m [2msqlx::query[0m[2m:[0m [3msummary[0m[2m=[0m"SELECT * FROM jobs " [3mdb.statement[0m[2m=[0m"\n\nSELECT\n  *\nFROM\n  jobs\nWHERE\n  status = 'pending'\nORDER BY\n  created_at ASC\nLIMIT\n  $1\n" [3mrows_affected[0m[2m=[0m0 [3mrows_returned[0m[2m=[0m0 [3melapsed[0m[2m=[0m1.574542ms
