
> quantumvault-frontend@0.1.0 dev
> vite

Re-optimizing dependencies because vite config has changed

  VITE v5.4.21  ready in 156 ms

  ➜  Local:   http://localhost:3000/
  ➜  Network: use --host to expose
6:43:18 AM [vite] hmr update /src/DemoView.tsx
6:45:37 AM [vite] hmr update /src/DemoView.tsx
6:48:34 AM [vite] hmr update /src/DemoView.tsx
6:48:53 AM [vite] hmr update /src/DemoView.tsx
6:49:23 AM [vite] hmr update /src/DemoView.tsx
6:55:57 AM [vite] hmr update /src/DemoView.tsx
8:35:28 AM [vite] hmr update /src/DemoView.tsx
8:35:43 AM [vite] hmr update /src/App.tsx
8:41:31 AM [vite] hmr update /src/App.tsx
8:43:33 AM [vite] hmr update /src/App.tsx
8:43:51 AM [vite] hmr update /src/App.tsx
8:48:52 AM [vite] hmr update /src/App.tsx
8:49:48 AM [vite] hmr update /src/App.tsx
8:49:54 AM [vite] hmr update /src/App.tsx
8:49:54 AM [vite] Internal server error: /Users/rickglenn/Desktop/dytallix-main/quantumvault/frontend/src/App.tsx: Unterminated string constant. (6:34)

  4 | import PqcRiskDashboard from './views/PqcRiskDashboard';
  5 | import { AssetDiscoveryView } from './views/AssetDiscoveryView';
> 6 | import { SimpleAssetDetail } from './views/Simpl            <Route path="/assets/:id" element={<SimpleAssetDetail />} />
    |                                   ^
  7 |             <Route path="/policies" element={<PoliciesView />} />
  8 |             <Route path="/pqc-risk" element={<PqcRiskDashboard />} />
  9 |             <Route path="/pqc-risk/assets/:assetId" element={<SimpleAssetDetail />} />etDetail';
  Plugin: vite:react-babel
  File: /Users/rickglenn/Desktop/dytallix-main/quantumvault/frontend/src/App.tsx:6:34
  4  |  import PqcRiskDashboard from './views/PqcRiskDashboard';
  5  |  import { AssetDiscoveryView } from './views/AssetDiscoveryView';
  6  |  import { SimpleAssetDetail } from './views/Simpl            <Route path="/assets/:id" element={<SimpleAssetDetail />} />
     |                                    ^
  7  |              <Route path="/policies" element={<PoliciesView />} />
  8  |              <Route path="/pqc-risk" element={<PqcRiskDashboard />} />
      at constructor (/Users/rickglenn/Desktop/dytallix-main/quantumvault/frontend/node_modules/@babel/parser/lib/index.js:367:19)
      at TypeScriptParserMixin.raise (/Users/rickglenn/Desktop/dytallix-main/quantumvault/frontend/node_modules/@babel/parser/lib/index.js:6624:19)
      at Object.unterminated (/Users/rickglenn/Desktop/dytallix-main/quantumvault/frontend/node_modules/@babel/parser/lib/index.js:5689:20)
      at readStringContents (/Users/rickglenn/Desktop/dytallix-main/quantumvault/frontend/node_modules/@babel/parser/lib/index.js:5431:16)
      at TypeScriptParserMixin.readString (/Users/rickglenn/Desktop/dytallix-main/quantumvault/frontend/node_modules/@babel/parser/lib/index.js:6523:9)
      at TypeScriptParserMixin.getTokenFromCode (/Users/rickglenn/Desktop/dytallix-main/quantumvault/frontend/node_modules/@babel/parser/lib/index.js:6283:14)
      at TypeScriptParserMixin.getTokenFromCode (/Users/rickglenn/Desktop/dytallix-main/quantumvault/frontend/node_modules/@babel/parser/lib/index.js:4826:11)
      at TypeScriptParserMixin.getTokenFromCode (/Users/rickglenn/Desktop/dytallix-main/quantumvault/frontend/node_modules/@babel/parser/lib/index.js:10042:11)
      at TypeScriptParserMixin.nextToken (/Users/rickglenn/Desktop/dytallix-main/quantumvault/frontend/node_modules/@babel/parser/lib/index.js:5807:10)
      at TypeScriptParserMixin.next (/Users/rickglenn/Desktop/dytallix-main/quantumvault/frontend/node_modules/@babel/parser/lib/index.js:5717:10)
      at TypeScriptParserMixin.eatContextual (/Users/rickglenn/Desktop/dytallix-main/quantumvault/frontend/node_modules/@babel/parser/lib/index.js:6893:12)
      at TypeScriptParserMixin.expectContextual (/Users/rickglenn/Desktop/dytallix-main/quantumvault/frontend/node_modules/@babel/parser/lib/index.js:6899:15)
      at TypeScriptParserMixin.parseImportSpecifiersAndAfter (/Users/rickglenn/Desktop/dytallix-main/quantumvault/frontend/node_modules/@babel/parser/lib/index.js:14319:10)
      at TypeScriptParserMixin.parseImport (/Users/rickglenn/Desktop/dytallix-main/quantumvault/frontend/node_modules/@babel/parser/lib/index.js:14311:17)
      at TypeScriptParserMixin.parseImport (/Users/rickglenn/Desktop/dytallix-main/quantumvault/frontend/node_modules/@babel/parser/lib/index.js:9412:26)
      at TypeScriptParserMixin.parseStatementContent (/Users/rickglenn/Desktop/dytallix-main/quantumvault/frontend/node_modules/@babel/parser/lib/index.js:12952:27)
      at TypeScriptParserMixin.parseStatementContent (/Users/rickglenn/Desktop/dytallix-main/quantumvault/frontend/node_modules/@babel/parser/lib/index.js:9569:18)
      at TypeScriptParserMixin.parseStatementLike (/Users/rickglenn/Desktop/dytallix-main/quantumvault/frontend/node_modules/@babel/parser/lib/index.js:12843:17)
      at TypeScriptParserMixin.parseModuleItem (/Users/rickglenn/Desktop/dytallix-main/quantumvault/frontend/node_modules/@babel/parser/lib/index.js:12820:17)
      at TypeScriptParserMixin.parseBlockOrModuleBlockBody (/Users/rickglenn/Desktop/dytallix-main/quantumvault/frontend/node_modules/@babel/parser/lib/index.js:13392:36)
      at TypeScriptParserMixin.parseBlockBody (/Users/rickglenn/Desktop/dytallix-main/quantumvault/frontend/node_modules/@babel/parser/lib/index.js:13385:10)
      at TypeScriptParserMixin.parseProgram (/Users/rickglenn/Desktop/dytallix-main/quantumvault/frontend/node_modules/@babel/parser/lib/index.js:12698:10)
      at TypeScriptParserMixin.parseTopLevel (/Users/rickglenn/Desktop/dytallix-main/quantumvault/frontend/node_modules/@babel/parser/lib/index.js:12688:25)
      at TypeScriptParserMixin.parse (/Users/rickglenn/Desktop/dytallix-main/quantumvault/frontend/node_modules/@babel/parser/lib/index.js:14568:25)
      at TypeScriptParserMixin.parse (/Users/rickglenn/Desktop/dytallix-main/quantumvault/frontend/node_modules/@babel/parser/lib/index.js:10183:18)
      at parse (/Users/rickglenn/Desktop/dytallix-main/quantumvault/frontend/node_modules/@babel/parser/lib/index.js:14602:38)
      at parser (/Users/rickglenn/Desktop/dytallix-main/quantumvault/frontend/node_modules/@babel/core/lib/parser/index.js:41:34)
      at parser.next (<anonymous>)
      at normalizeFile (/Users/rickglenn/Desktop/dytallix-main/quantumvault/frontend/node_modules/@babel/core/lib/transformation/normalize-file.js:64:37)
      at normalizeFile.next (<anonymous>)
      at run (/Users/rickglenn/Desktop/dytallix-main/quantumvault/frontend/node_modules/@babel/core/lib/transformation/index.js:22:50)
      at run.next (<anonymous>)
      at transform (/Users/rickglenn/Desktop/dytallix-main/quantumvault/frontend/node_modules/@babel/core/lib/transform.js:22:33)
      at transform.next (<anonymous>)
      at step (/Users/rickglenn/Desktop/dytallix-main/quantumvault/frontend/node_modules/gensync/index.js:261:32)
      at /Users/rickglenn/Desktop/dytallix-main/quantumvault/frontend/node_modules/gensync/index.js:273:13
      at async.call.result.err.err (/Users/rickglenn/Desktop/dytallix-main/quantumvault/frontend/node_modules/gensync/index.js:223:11)
      at /Users/rickglenn/Desktop/dytallix-main/quantumvault/frontend/node_modules/gensync/index.js:189:28
      at /Users/rickglenn/Desktop/dytallix-main/quantumvault/frontend/node_modules/@babel/core/lib/gensync-utils/async.js:67:7
      at /Users/rickglenn/Desktop/dytallix-main/quantumvault/frontend/node_modules/gensync/index.js:113:33
      at step (/Users/rickglenn/Desktop/dytallix-main/quantumvault/frontend/node_modules/gensync/index.js:287:14)
      at /Users/rickglenn/Desktop/dytallix-main/quantumvault/frontend/node_modules/gensync/index.js:273:13
      at async.call.result.err.err (/Users/rickglenn/Desktop/dytallix-main/quantumvault/frontend/node_modules/gensync/index.js:223:11)
8:50:05 AM [vite] hmr update /src/App.tsx
8:50:17 AM [vite] hmr update /src/App.tsx
8:50:22 AM [vite] hmr update /src/App.tsx
8:50:36 AM [vite] hmr update /src/views/SimpleAssetDetail.tsx
8:50:43 AM [vite] hmr update /src/views/SimpleAssetDetail.tsx
8:50:47 AM [vite] hmr update /src/views/SimpleAssetDetail.tsx
8:53:36 AM [vite] hmr update /src/App.tsx
8:53:36 AM [vite] hmr update /src/DemoView.tsx
8:53:36 AM [vite] hmr update /src/views/SimpleAssetDetail.tsx
8:53:36 AM [vite] hmr update /src/views/AssetDiscoveryView.tsx
9:03:35 AM [vite] hmr update /src/views/SimpleAssetDetail.tsx
9:03:43 AM [vite] hmr update /src/views/SimpleAssetDetail.tsx
9:04:00 AM [vite] hmr update /src/App.tsx
9:04:07 AM [vite] hmr update /src/App.tsx
9:04:15 AM [vite] hmr update /src/App.tsx
9:04:30 AM [vite] hmr update /src/DemoView.tsx
9:04:42 AM [vite] hmr update /src/DemoView.tsx
9:04:58 AM [vite] hmr update /src/DemoView.tsx
9:05:13 AM [vite] hmr update /src/App.tsx
9:05:21 AM [vite] hmr update /src/App.tsx
9:53:37 AM [vite] hmr update /src/DemoView.tsx
9:53:37 AM [vite] hmr update /src/views/AssetDiscoveryView.tsx
9:53:37 AM [vite] hmr update /src/App.tsx
9:53:37 AM [vite] hmr update /src/views/SimpleAssetDetail.tsx
9:56:16 AM [vite] hmr update /src/DemoView.tsx
9:56:29 AM [vite] hmr update /src/DemoView.tsx
9:56:36 AM [vite] hmr update /src/DemoView.tsx
9:57:17 AM [vite] hmr update /src/DemoView.tsx
9:57:24 AM [vite] hmr update /src/DemoView.tsx
9:58:09 AM [vite] hmr update /src/DemoView.tsx
9:58:23 AM [vite] hmr update /src/DemoView.tsx
10:03:00 AM [vite] hmr update /src/DemoView.tsx
10:03:41 AM [vite] hmr update /src/DemoView.tsx
10:04:01 AM [vite] hmr update /src/DemoView.tsx
10:04:09 AM [vite] hmr update /src/DemoView.tsx
10:04:30 AM [vite] hmr update /src/DemoView.tsx
10:05:22 AM [vite] .env changed, restarting server...
10:05:22 AM [vite] .env changed, restarting server...
10:05:22 AM [vite] server restarted.
10:05:22 AM [vite] .env changed, restarting server...
10:05:22 AM [vite] server restarted.
10:09:33 AM [vite] hmr update /src/DemoView.tsx
10:22:31 AM [vite] hmr update /src/DemoView.tsx
10:29:41 AM [vite] hmr update /src/DemoView.tsx
10:38:04 AM [vite] hmr update /src/App.tsx
10:41:44 AM [vite] hmr update /src/App.tsx
10:42:02 AM [vite] hmr update /src/App.tsx
10:42:29 AM [vite] hmr update /src/App.tsx
10:43:00 AM [vite] hmr update /src/App.tsx
