[INFO] 2026-01-07T01:26:13.196Z Using in-memory rate limiter
[INFO] 2026-01-07T01:26:13.337Z Prometheus metrics initialized
[INFO] 2026-01-07T01:26:13.429Z Leads database initialized {"path":"/Users/rickglenn/Desktop/dytallix/dytallix-fast-launch/data/leads.db"}
[INFO] 2026-01-07T01:26:13.430Z Anomaly detection engine stubbed (fast-launch mode)
[INFO] 2026-01-07T01:26:13.430Z Security headers enabled {"ENABLE_CSP":true}
[INFO] 2026-01-07T01:26:13.432Z WebSocket server attached {"path":"/api/ws"}
[INFO] 2026-01-07T01:26:13.432Z Server started {"PORT":"3001","ORIGIN":"http://localhost:3000"}
GET /health 200 1.162 ms - ::1 curl/8.7.1
[ERROR] 2026-01-07T01:26:18.476Z node.stats.fallback_failed {"base":"http://localhost:3003","error":"fetch failed"}
GET /health 200 0.929 ms - ::1 curl/8.7.1
GET /health 200 0.400 ms - ::1 curl/8.7.1
[INFO] 2026-01-07T01:27:45.894Z Quantum risk email submission {"ip":"::1","email":"test@example.com"}
[INFO] 2026-01-07T01:27:45.897Z Lead saved to database {"id":3,"email":"test@example.com"}
[INFO] 2026-01-07T01:27:45.897Z Lead saved to database {"leadId":{"id":3,"email":"test@example.com","success":true},"email":"test@example.com"}
[INFO] 2026-01-07T01:27:45.897Z Generating quantum risk PDF {"userEmail":"test@example.com"}
[INFO] 2026-01-07T01:27:45.917Z PDF generated successfully {"size":2761}
[INFO] 2026-01-07T01:27:46.753Z Email sent successfully {"messageId":"<163d7713-a029-978e-2504-6f5428fd4b29@dytallix.com>","userEmail":"test@example.com"}
[INFO] 2026-01-07T01:27:46.753Z Quantum risk email sent successfully {"email":"test@example.com","messageId":"<163d7713-a029-978e-2504-6f5428fd4b29@dytallix.com>"}
POST /api/quantum-risk/submit-email 200 858.954 ms - ::1 curl/8.7.1
[INFO] 2026-01-07T01:29:53.968Z Quantum risk email submission {"ip":"::1","email":"ricktglenn@gmail.com"}
[INFO] 2026-01-07T01:29:53.970Z Lead saved to database {"id":4,"email":"ricktglenn@gmail.com"}
[INFO] 2026-01-07T01:29:53.970Z Lead saved to database {"leadId":{"id":4,"email":"ricktglenn@gmail.com","success":true},"email":"ricktglenn@gmail.com"}
[INFO] 2026-01-07T01:29:53.970Z Generating quantum risk PDF {"userEmail":"ricktglenn@gmail.com"}
[INFO] 2026-01-07T01:29:53.985Z PDF generated successfully {"size":2751}
[INFO] 2026-01-07T01:29:54.599Z Email sent successfully {"messageId":"<840e046f-6527-f33f-7cac-2ec24f029a57@dytallix.com>","userEmail":"ricktglenn@gmail.com"}
[INFO] 2026-01-07T01:29:54.599Z Quantum risk email sent successfully {"email":"ricktglenn@gmail.com","messageId":"<840e046f-6527-f33f-7cac-2ec24f029a57@dytallix.com>"}
POST /api/quantum-risk/submit-email 200 632.078 ms - ::1 Mozilla/5.0 (Macintosh; Intel Mac OS X 10_15_7) AppleWebKit/605.1.15 (KHTML, like Gecko) Version/26.0.1 Safari/605.1.15
GET /health 200 0.316 ms - ::1 curl/8.7.1
