[2025-12-11T00:34:08.718Z] address=0xc4585e731ef317c51dd1544efffc4a5ccea2ad61 method=increment gas=25000 events=
[2025-12-11T00:35:43.019Z] address=0xc4585e731ef317c51dd1544efffc4a5ccea2ad61 method=get gas=25000 events=
[2025-12-11T00:38:38.281Z] address=0xc4585e731ef317c51dd1544efffc4a5ccea2ad61 method=get gas=25000 events=
[2025-12-11T00:47:50.019Z] address=0xf43b7a526572238b3f5f04cffbdb524d4f2109d0 method=heavy_compute gas=25000 events=
[2025-12-11T00:47:50.021Z] address=0xf43b7a526572238b3f5f04cffbdb524d4f2109d0 method=heavy_compute gas=25000 events=
[2025-12-11T00:47:50.026Z] address=0xf43b7a526572238b3f5f04cffbdb524d4f2109d0 method=heavy_compute gas=25000 events=
[2025-12-11T00:47:50.027Z] address=0xf43b7a526572238b3f5f04cffbdb524d4f2109d0 method=heavy_compute gas=25000 events=
[2025-12-11T00:47:50.029Z] address=0xf43b7a526572238b3f5f04cffbdb524d4f2109d0 method=heavy_compute gas=25000 events=
[2025-12-11T00:53:14.336Z] address=0xb1644108306b008c48201796f65804c7e9caa0fe method=memory_hog gas=25000 events=
[2025-12-11T00:56:15.803Z] address=0xc4585e731ef317c51dd1544efffc4a5ccea2ad61 method=increment gas=25000 events=
[2025-12-11T00:56:15.923Z] address=0xc4585e731ef317c51dd1544efffc4a5ccea2ad61 method=get gas=25000 events=
[2025-12-11T00:56:16.380Z] address=0xb1644108306b008c48201796f65804c7e9caa0fe method=heavy_compute gas=25000 events=
[2025-12-11T00:56:16.404Z] address=0xb1644108306b008c48201796f65804c7e9caa0fe method=heavy_compute gas=25000 events=
[2025-12-11T00:56:16.416Z] address=0xb1644108306b008c48201796f65804c7e9caa0fe method=heavy_compute gas=25000 events=
[2025-12-11T00:56:16.420Z] address=0xb1644108306b008c48201796f65804c7e9caa0fe method=heavy_compute gas=25000 events=
[2025-12-11T00:56:16.428Z] address=0xb1644108306b008c48201796f65804c7e9caa0fe method=heavy_compute gas=25000 events=
[2025-12-11T00:56:16.585Z] address=0xb1644108306b008c48201796f65804c7e9caa0fe method=memory_hog gas=25000 events=
[2025-12-11T01:00:38.906Z] address=0xc4585e731ef317c51dd1544efffc4a5ccea2ad61 method=increment gas=25000 events=
[2025-12-11T01:00:39.033Z] address=0xc4585e731ef317c51dd1544efffc4a5ccea2ad61 method=get gas=25000 events=
[2025-12-11T01:00:39.296Z] address=0x7bd5a5ca603844c3e0f94c0e7e226479cda4c33e method=logic_gate gas=25000 events=
[2025-12-11T01:00:39.488Z] address=0x7bd5a5ca603844c3e0f94c0e7e226479cda4c33e method=heavy_compute gas=25000 events=
[2025-12-11T01:00:39.497Z] address=0x7bd5a5ca603844c3e0f94c0e7e226479cda4c33e method=heavy_compute gas=25000 events=
[2025-12-11T01:00:39.504Z] address=0x7bd5a5ca603844c3e0f94c0e7e226479cda4c33e method=heavy_compute gas=25000 events=
[2025-12-11T01:00:39.510Z] address=0x7bd5a5ca603844c3e0f94c0e7e226479cda4c33e method=heavy_compute gas=25000 events=
[2025-12-11T01:00:39.516Z] address=0x7bd5a5ca603844c3e0f94c0e7e226479cda4c33e method=heavy_compute gas=25000 events=
[2025-12-11T01:00:39.660Z] address=0x7bd5a5ca603844c3e0f94c0e7e226479cda4c33e method=memory_hog gas=25000 events=
[2025-12-11T01:00:39.793Z] address=0x7bd5a5ca603844c3e0f94c0e7e226479cda4c33e method=mixed_heavy gas=25000 events=
[2025-12-11T01:01:46.985Z] address=0xc4585e731ef317c51dd1544efffc4a5ccea2ad61 method=increment gas=25000 events=
[2025-12-11T01:01:47.112Z] address=0xc4585e731ef317c51dd1544efffc4a5ccea2ad61 method=get gas=25000 events=
[2025-12-11T01:01:47.370Z] address=0x5461a8949ae31584f05a1f6b58f528161b30ca41 method=logic_gate gas=25000 events=
[2025-12-11T01:01:47.581Z] address=0x5461a8949ae31584f05a1f6b58f528161b30ca41 method=heavy_compute gas=25000 events=
[2025-12-11T01:01:47.597Z] address=0x5461a8949ae31584f05a1f6b58f528161b30ca41 method=heavy_compute gas=25000 events=
[2025-12-11T01:01:47.603Z] address=0x5461a8949ae31584f05a1f6b58f528161b30ca41 method=heavy_compute gas=25000 events=
[2025-12-11T01:01:47.609Z] address=0x5461a8949ae31584f05a1f6b58f528161b30ca41 method=heavy_compute gas=25000 events=
[2025-12-11T01:01:47.611Z] address=0x5461a8949ae31584f05a1f6b58f528161b30ca41 method=heavy_compute gas=25000 events=
[2025-12-11T01:01:47.740Z] address=0x5461a8949ae31584f05a1f6b58f528161b30ca41 method=memory_hog gas=25000 events=
[2025-12-11T01:01:47.870Z] address=0x5461a8949ae31584f05a1f6b58f528161b30ca41 method=mixed_heavy gas=25000 events=
