[INFO] 2025-10-29T19:20:09.769Z Using in-memory rate limiter
[INFO] 2025-10-29T19:20:09.896Z Prometheus metrics initialized
[INFO] 2025-10-29T19:20:09.897Z Anomaly detection engine stubbed (fast-launch mode)
[INFO] 2025-10-29T19:20:09.897Z Security headers enabled {"ENABLE_CSP":true}
[INFO] 2025-10-29T19:20:09.900Z WebSocket server attached {"path":"/api/ws"}
[INFO] 2025-10-29T19:20:09.900Z Server started {"PORT":"3001","ORIGIN":"http://localhost:3000"}
node:events:485
      throw er; // Unhandled 'error' event
      ^

Error: listen EADDRINUSE: address already in use :::3001
    at Server.setupListenHandle [as _listen2] (node:net:1940:16)
    at listenInCluster (node:net:1997:12)
    at Server.listen (node:net:2102:7)
    at app.listen (/Users/rickglenn/Downloads/dytallix-main/dytallix-fast-launch/node_modules/express/lib/application.js:605:24)
    at file:///Users/rickglenn/Downloads/dytallix-main/dytallix-fast-launch/server/index.js:1701:16
    at ModuleJob.run (node:internal/modules/esm/module_job:371:25)
    at async onImport.tracePromise.__proto__ (node:internal/modules/esm/loader:669:26)
    at async asyncRunEntryPointWithESMLoader (node:internal/modules/run_main:101:5)
Emitted 'error' event on WebSocketServer instance at:
    at Server.emit (node:events:519:35)
    at emitErrorNT (node:net:1976:8)
    at process.processTicksAndRejections (node:internal/process/task_queues:90:21) {
  code: 'EADDRINUSE',
  errno: -48,
  syscall: 'listen',
  address: '::',
  port: 3001
}

Node.js v24.5.0
