warning: unused variable: `status`
   --> /Users/rickglenn/Desktop/dytallix/blockchain-core/src/api/mod.rs:718:9
    |
718 |     let status = warp::path("status")
    |         ^^^^^^ help: if this is intentional, prefix it with an underscore: `_status`
    |
    = note: `#[warn(unused_variables)]` on by default

warning: `dytallix-node` (lib) generated 1 warning
warning: unused import: `basic_validate`
  --> node/src/rpc/mod.rs:20:15
   |
20 |     mempool::{basic_validate, Mempool},
   |               ^^^^^^^^^^^^^^
   |
   = note: `#[warn(unused_imports)]` on by default

warning: unused variable: `ctx`
    --> node/src/rpc/mod.rs:1757:15
     |
1757 |     Extension(ctx): Extension<RpcContext>,
     |               ^^^ help: if this is intentional, prefix it with an underscore: `_ctx`
     |
     = note: `#[warn(unused_variables)]` on by default

warning: unused variable: `e`
  --> node/src/rpc/contracts.rs:32:19
   |
32 |         .map_err(|e| ApiError::Internal)?;
   |                   ^ help: if this is intentional, prefix it with an underscore: `_e`

warning: unused variable: `e`
  --> node/src/rpc/contracts.rs:70:19
   |
70 |         .map_err(|e| ApiError::Internal)?;
   |                   ^ help: if this is intentional, prefix it with an underscore: `_e`

warning: unused variable: `ctx`
  --> node/src/rpc/contracts.rs:81:15
   |
81 |     Extension(ctx): Extension<RpcContext>,
   |               ^^^ help: if this is intentional, prefix it with an underscore: `_ctx`

warning: unused variable: `address`
  --> node/src/rpc/contracts.rs:82:11
   |
82 |     Path((address, key)): Path<(String, String)>,
   |           ^^^^^^^ help: if this is intentional, prefix it with an underscore: `_address`

warning: unused variable: `key`
  --> node/src/rpc/contracts.rs:82:20
   |
82 |     Path((address, key)): Path<(String, String)>,
   |                    ^^^ help: if this is intentional, prefix it with an underscore: `_key`

warning: unused import: `base64::Engine`
  --> node/src/rpc/mod.rs:31:5
   |
31 | use base64::Engine;
   |     ^^^^^^^^^^^^^^

warning: `dytallix-fast-node` (lib) generated 8 warnings (run `cargo fix --lib -p dytallix-fast-node` to apply 1 suggestion)
    Finished `release` profile [optimized] target(s) in 0.87s
     Running `target/release/dytallix-fast-node`
Prefunded testkey account dytallix125074e67f966c5c9a0538381c2398a8966cda568 with 1000000000 udgt and udrt
GovernanceConfig:min_deposit=1000000000 deposit_period=5 voting_period=10 quorum_bps=3333 threshold_bps=5000 veto_bps=3333 
Secrets mode: Plain Keystore (dev) path=/Users/rickglenn/.dytallix/keystore — no passphrase required
Validator key loaded (64 bytes) via secure provider
Node listening on 0.0.0.0:3003
INFO  [Storage] Committing block #7752 with 0 transaction(s) (hash: 0xc849cafd46d6ad)
INFO  [Storage] Block #7752 serialized (256 bytes)
produced block height=7752 tx_total=0 successes=0
INFO  [Storage] Committing block #7753 with 0 transaction(s) (hash: 0x97f64f5924b566)
INFO  [Storage] Block #7753 serialized (256 bytes)
produced block height=7753 tx_total=0 successes=0
INFO  [Storage] Committing block #7754 with 0 transaction(s) (hash: 0xc85e929fae12cc)
INFO  [Storage] Block #7754 serialized (256 bytes)
produced block height=7754 tx_total=0 successes=0
INFO  [Storage] Committing block #7755 with 0 transaction(s) (hash: 0x3b8884f5e6a8de)
INFO  [Storage] Block #7755 serialized (256 bytes)
produced block height=7755 tx_total=0 successes=0
INFO  [Storage] Committing block #7756 with 0 transaction(s) (hash: 0x3f7e775a2227be)
INFO  [Storage] Block #7756 serialized (256 bytes)
produced block height=7756 tx_total=0 successes=0
INFO  [Storage] Committing block #7757 with 0 transaction(s) (hash: 0xe12217c5104303)
INFO  [Storage] Block #7757 serialized (256 bytes)
produced block height=7757 tx_total=0 successes=0
INFO  [Storage] Committing block #7758 with 0 transaction(s) (hash: 0x4db857751d3080)
INFO  [Storage] Block #7758 serialized (256 bytes)
produced block height=7758 tx_total=0 successes=0
INFO  [Storage] Committing block #7759 with 0 transaction(s) (hash: 0x1ba6d2add29799)
INFO  [Storage] Block #7759 serialized (256 bytes)
produced block height=7759 tx_total=0 successes=0
INFO  [Storage] Committing block #7760 with 0 transaction(s) (hash: 0x0d8177d83bb58f)
INFO  [Storage] Block #7760 serialized (256 bytes)
produced block height=7760 tx_total=0 successes=0
INFO  [Storage] Committing block #7761 with 0 transaction(s) (hash: 0xeaa09a4596903f)
INFO  [Storage] Block #7761 serialized (256 bytes)
produced block height=7761 tx_total=0 successes=0
INFO  [Storage] Committing block #7762 with 0 transaction(s) (hash: 0xb9bc5e4f74134b)
INFO  [Storage] Block #7762 serialized (256 bytes)
produced block height=7762 tx_total=0 successes=0
INFO  [Storage] Committing block #7763 with 0 transaction(s) (hash: 0x129ca298e1aba6)
INFO  [Storage] Block #7763 serialized (256 bytes)
produced block height=7763 tx_total=0 successes=0
INFO  [Storage] Committing block #7764 with 0 transaction(s) (hash: 0x902c224c89a437)
INFO  [Storage] Block #7764 serialized (256 bytes)
produced block height=7764 tx_total=0 successes=0
INFO  [Storage] Committing block #7765 with 0 transaction(s) (hash: 0xb0c745134d27f4)
INFO  [Storage] Block #7765 serialized (256 bytes)
produced block height=7765 tx_total=0 successes=0
INFO  [Storage] Committing block #7766 with 0 transaction(s) (hash: 0xdee78c75a3c208)
INFO  [Storage] Block #7766 serialized (256 bytes)
produced block height=7766 tx_total=0 successes=0
INFO  [Storage] Committing block #7767 with 0 transaction(s) (hash: 0xd9d1718d031b1a)
INFO  [Storage] Block #7767 serialized (256 bytes)
produced block height=7767 tx_total=0 successes=0
INFO  [Storage] Committing block #7768 with 0 transaction(s) (hash: 0x0f2ec725f4682b)
INFO  [Storage] Block #7768 serialized (256 bytes)
produced block height=7768 tx_total=0 successes=0
INFO  [Storage] Committing block #7769 with 0 transaction(s) (hash: 0x83281ddbdd5ff5)
INFO  [Storage] Block #7769 serialized (256 bytes)
produced block height=7769 tx_total=0 successes=0
INFO  [Storage] Committing block #7770 with 0 transaction(s) (hash: 0x035334c1c54a01)
INFO  [Storage] Block #7770 serialized (256 bytes)
produced block height=7770 tx_total=0 successes=0
INFO  [Storage] Committing block #7771 with 0 transaction(s) (hash: 0x6ede989833909b)
INFO  [Storage] Block #7771 serialized (256 bytes)
produced block height=7771 tx_total=0 successes=0
INFO  [Storage] Committing block #7772 with 0 transaction(s) (hash: 0x39e2198759abf7)
INFO  [Storage] Block #7772 serialized (256 bytes)
produced block height=7772 tx_total=0 successes=0
INFO  [Storage] Committing block #7773 with 0 transaction(s) (hash: 0xa262f20728b9ce)
INFO  [Storage] Block #7773 serialized (256 bytes)
produced block height=7773 tx_total=0 successes=0
INFO  [Storage] Committing block #7774 with 0 transaction(s) (hash: 0xc69d5812835c8f)
INFO  [Storage] Block #7774 serialized (256 bytes)
produced block height=7774 tx_total=0 successes=0
INFO  [Storage] Committing block #7775 with 0 transaction(s) (hash: 0x1c455b750c141f)
INFO  [Storage] Block #7775 serialized (256 bytes)
produced block height=7775 tx_total=0 successes=0
INFO  [Storage] Committing block #7776 with 0 transaction(s) (hash: 0x14b595c9645548)
INFO  [Storage] Block #7776 serialized (256 bytes)
produced block height=7776 tx_total=0 successes=0
INFO  [Storage] Committing block #7777 with 0 transaction(s) (hash: 0x0f4e528617c9c2)
INFO  [Storage] Block #7777 serialized (256 bytes)
produced block height=7777 tx_total=0 successes=0
INFO  [Storage] Committing block #7778 with 0 transaction(s) (hash: 0x283c294560a685)
INFO  [Storage] Block #7778 serialized (256 bytes)
produced block height=7778 tx_total=0 successes=0
INFO  [Storage] Committing block #7779 with 0 transaction(s) (hash: 0x8c053970f77777)
INFO  [Storage] Block #7779 serialized (256 bytes)
produced block height=7779 tx_total=0 successes=0
./start-all-services.sh: line 90: 28011 Terminated: 15          DYTALLIX_SKIP_SIG_VERIFY=true DYT_RPC_PORT=3003 cargo run --release --package dytallix-fast-node --bin dytallix-fast-node --features full-node
