
> build@0.0.0 dev
> vite


  VITE v7.2.4  ready in 346 ms

  ➜  Local:   http://localhost:3000/
  ➜  Network: use --host to expose
8:12:00 AM [vite] (client) hmr update /src/pages/enterprise.tsx, /src/index.css
8:12:17 AM [vite] (client) hmr update /src/pages/enterprise.tsx, /src/index.css
8:12:27 AM [vite] (client) hmr update /src/pages/enterprise.tsx, /src/index.css
8:14:39 AM [vite] (client) hmr update /src/pages/enterprise.tsx, /src/index.css
8:16:53 AM [vite] (client) hmr update /src/pages/enterprise.tsx, /src/index.css
4:23:06 PM [vite] (client) hmr update /src/pages/QuantumRiskDashboard.tsx, /src/index.css
4:26:05 PM [vite] (client) hmr update /src/App.tsx, /src/index.css
4:26:08 PM [vite] (client) hmr update /src/App.tsx, /src/index.css
4:26:10 PM [vite] (client) hmr update /src/index.css, /src/components/layout/Navbar.tsx
4:29:31 PM [vite] (client) hmr update /src/pages/AIOracleNetwork.tsx, /src/index.css
4:34:25 PM [vite] (client) hmr update /src/pages/AIOracleNetwork.tsx, /src/index.css
4:38:08 PM [vite] (client) hmr update /src/App.tsx, /src/index.css
4:38:11 PM [vite] (client) hmr update /src/App.tsx, /src/index.css
4:38:13 PM [vite] (client) hmr update /src/pages/AIOracleNetwork.tsx, /src/index.css
4:44:17 PM [vite] (client) hmr update /src/pages/build/wallet.tsx, /src/index.css
4:44:18 PM [vite] (client) hmr update /src/pages/build/wallet.tsx, /src/index.css
4:44:19 PM [vite] (client) hmr update /src/pages/build/wallet.tsx, /src/index.css
4:47:50 PM [vite] (client) hmr update /src/pages/build/wallet.tsx, /src/index.css
4:52:10 PM [vite] (client) hmr update /src/pages/build/wallet.tsx, /src/index.css
4:52:12 PM [vite] (client) hmr update /src/pages/build/wallet.tsx, /src/index.css
4:52:36 PM [vite] (client) hmr update /src/pages/build/wallet.tsx, /src/index.css
4:52:38 PM [vite] (client) hmr update /src/pages/build/wallet.tsx, /src/index.css
4:56:42 PM [vite] (client) hmr update /src/pages/build/wallet.tsx, /src/index.css
4:59:33 PM [vite] (client) hmr update /src/pages/build/wallet.tsx, /src/index.css
