[0;34m🚀 Dytallix Service Manager - Fixed Port Edition[0m
==============================================
Frontend:     [0;32mhttp://localhost:3000[0m
Backend API:  [0;32mhttp://localhost:3001[0m
Blockchain:   [0;32mhttp://localhost:3003[0m
QuantumVault: [0;32mhttp://localhost:3002[0m
WebSocket:    [0;32mws://localhost:3004[0m
==============================================
[1;33m🛑 Stopping existing services...[0m
[0;34m🛑 Stopping Dytallix Services[0m
[0;34m==============================[0m
[0;33mFrontend not running on port 3000[0m
[0;33mBackend API not running on port 8787[0m
[0;33mBlockchain Node not running on port 3030[0m
[0;33mQuantumVault API not running on port 3031[0m

[0;32m✅ All services stopped[0m
[0;34mRun ./start-fixed-ports.sh to restart services[0m
[0;34m🔧 Starting services...[0m
[0;34mStarting Blockchain on port 3003...[0m
[0;32m✅ Blockchain started successfully (PID: 21235)[0m
[0;34mStarting QuantumVault on port 3002...[0m
[1;33m⚠️  Port 3002 is already in use (QuantumVault)[0m
   Killing existing process...
[0;32m✅ QuantumVault started successfully (PID: 21284)[0m
[0;34mStarting Backend on port 3001...[0m
[1;33m⚠️  Port 3001 is already in use (Backend)[0m
   Killing existing process...
[0;32m✅ Backend started successfully (PID: 21695)[0m
[0;34mStarting Frontend on port 3000...[0m
[0;32m✅ Frontend started successfully (PID: 21724)[0m

[0;32m🎉 All services started successfully![0m
==============================================
Frontend:     [0;32mhttp://localhost:3000[0m
  • Homepage: [0;32mhttp://localhost:3000/[0m
  • Build:    [0;32mhttp://localhost:3000/build/[0m
  • Shield:   [0;32mhttp://localhost:3000/quantumvault/[0m (alias, legacy /quantumshield redirects)
Backend API:  [0;32mhttp://localhost:3001[0m
Blockchain:   [0;32mhttp://localhost:3003[0m
QuantumVault: [0;32mhttp://localhost:3002[0m
==============================================

[0;34m📋 Service Management:[0m
  • View logs: tail -f logs/[service].log
  • Stop all:  ./stop-services.sh
  • Check status: ps aux | grep -E '(node|cargo)'

[1;33m🔗 No more random ports! All services now use fixed ports.[0m
[1;33m✨ New web structure from PR #223 with dual-audience experience[0m
Press Ctrl+C to stop all services...
