{"accepted":false,"detail":{"error":"INVALID_SIGNATURE","from":"dytallix15f40dbff454b509b9073d58c4f018b40fb583a44","nonce":0},"ts":1762653501}
{"accepted":false,"detail":{"error":"INVALID_SIGNATURE","from":"dytallix1edab07edc9d021624a302971a6505e7ccc45c045","nonce":0},"ts":1762653518}
{"accepted":false,"detail":{"error":"INVALID_SIGNATURE","from":"dyt4m9n6rpw39wb5uh7bz9mptse7t7xj0rxpiy3h7c2","nonce":1763041687633},"ts":1763041687}
{"accepted":false,"detail":{"error":"INVALID_NONCE","expected":0,"from":"dyt4m9n6rpw39wb5uh7bz9mptse7t7xj0rxpiy3h7c2","got":1763041927943,"nonce":1763041927943},"ts":1763041927}
{"accepted":false,"detail":{"error":"INVALID_NONCE","expected":0,"from":"dyt4m9n6rpw39wb5uh7bz9mptse7t7xj0rxpiy3h7c2","got":1763042032054,"nonce":1763042032054},"ts":1763042032}
{"accepted":false,"detail":{"available":"0","denom":"udgt","error":"INSUFFICIENT_FUNDS","from":"dyt4m9n6rpw39wb5uh7bz9mptse7t7xj0rxpiy3h7c2","nonce":0,"required":"5001000"},"ts":1763042085}
{"accepted":false,"detail":{"available":"0","denom":"udgt","error":"INSUFFICIENT_FUNDS","from":"dyt4m9n6rpw39wb5uh7bz9mptse7t7xj0rxpiy3h7c2","nonce":0,"required":"5001000"},"ts":1763042124}
{"accepted":false,"detail":{"available":"0","denom":"udgt","error":"INSUFFICIENT_FUNDS","from":"dyt4m9n6rpw39wb5uh7bz9mptse7t7xj0rxpiy3h7c2","nonce":0,"required":"5001000"},"ts":1763043501}
{"accepted":false,"detail":{"available":"0","denom":"udgt","error":"INSUFFICIENT_FUNDS","from":"dyt2l6sqctbq1szh6agpa91tiyu8v60b8hwpjyjbdo0","nonce":0,"required":"5001000"},"ts":1763043583}
{"accepted":false,"detail":{"available":"2000000","denom":"udgt","error":"INSUFFICIENT_FUNDS","from":"dyt3i7qmw93q030p8zv2gp8tzl4f0ozrd4nyw6u8sh3","nonce":0,"required":"5001000"},"ts":1763043838}
{"accepted":true,"detail":{"chain_id":"dytallix-testnet-1","fee":"1000","from":"dyte0oppaobp567a79gurmjep010uwki6m2tll96msd","nonce":0,"tx_hash":"0xdf56bb4c8afa244354cb193ab1e780e6d3b322b5bfb4635a5ed0798aa6b044ff"},"ts":1763044093}
{"accepted":false,"detail":{"available":"0","denom":"udgt","error":"INSUFFICIENT_FUNDS","from":"dyttest","nonce":0,"required":"5001000"},"ts":1763044778}
{"accepted":false,"detail":{"error":"INTERNAL_ERROR","tx_hash":"0xf79932e5373dd71cb6e8d7969ed44dcdf9ba9e07c8b6ab0aa8dffa8cf402edd7"},"ts":1763045775}
{"accepted":false,"detail":{"error":"INTERNAL_ERROR","tx_hash":"0xf79932e5373dd71cb6e8d7969ed44dcdf9ba9e07c8b6ab0aa8dffa8cf402edd7"},"ts":1763045786}
{"accepted":false,"detail":{"error":"INTERNAL_ERROR","tx_hash":"0xf79932e5373dd71cb6e8d7969ed44dcdf9ba9e07c8b6ab0aa8dffa8cf402edd7"},"ts":1763045882}
{"accepted":false,"detail":{"error":"INTERNAL_ERROR","tx_hash":"0xf7c79e41eae0abbf29c2d6d37c03af7f81fe48180a64ef60cbb1d955ed03bd30"},"ts":1763045941}
{"accepted":false,"detail":{"error":"INTERNAL_ERROR","tx_hash":"0x52ca9694612f1e9513f983503fc0937d2112cc326fef0e9ccc6a9739e97803ce"},"ts":1763046055}
{"accepted":false,"detail":{"error":"INTERNAL_ERROR","tx_hash":"0x0dd3a1483d3028a6df742e507fb802ab596678825f3f0848afa6e98b017517a3"},"ts":1763046409}
{"accepted":true,"detail":{"chain_id":"dytallix-testnet-1","fee":"1000","from":"dyttest123456789testaddress1234567890ab","nonce":0,"tx_hash":"0xe7273e2696e5d495bce5d8f69f5b72dc27a662648653e6aa8da252f08590dc2a"},"ts":1763046593}
{"accepted":true,"detail":{"chain_id":"dytallix-testnet-1","fee":"1000","from":"dyte0oppaobp567a79gurmjep010uwki6m2tll96msd","nonce":1,"tx_hash":"0x59b15f3d4ffe6af2a5497f1da1ce219340f0da9d4854ded078d827bdef1c70f1"},"ts":1763046622}
{"accepted":true,"detail":{"chain_id":"dytallix-testnet-1","fee":"1000","from":"dyte0oppaobp567a79gurmjep010uwki6m2tll96msd","nonce":2,"tx_hash":"0xf8894e462e57a22b83d1473ee14779c6c38cac4192c582e5557ee33c9990016d"},"ts":1763077820}
{"accepted":false,"detail":{"available":"100000000","denom":"udgt","error":"INSUFFICIENT_FUNDS","from":"dytallix1b9c73bcab559c5f985ed2e4c1f4b5fa6398a5db0","nonce":0,"required":"10000000001000"},"ts":1765411302}
{"accepted":true,"detail":{"chain_id":"dytallix-testnet-1","fee":"1000","from":"dytallix1b9c73bcab559c5f985ed2e4c1f4b5fa6398a5db0","nonce":0,"tx_hash":"0x572a7a19a63bfc87c42cf3b136e4af3c1c1542995a74d3903942eaaeeac0a271"},"ts":1765411689}
{"accepted":true,"detail":{"chain_id":"dytallix-testnet-1","fee":"1000","from":"dytallix1b9c73bcab559c5f985ed2e4c1f4b5fa6398a5db0","nonce":1,"tx_hash":"0xfc249a3151d0019316f71b0e44ca2d6eb65e402ec28bf46ab7af9b8b50bea34b"},"ts":1765411724}
{"accepted":false,"detail":{"available":"1000000000","denom":"udgt","error":"INSUFFICIENT_FUNDS","from":"dytallix12c4d381bc631794ab484ea30ee3b4d37f4df5504","nonce":0,"required":"1000000001000"},"ts":1765412095}
{"accepted":true,"detail":{"chain_id":"dytallix-testnet-1","fee":"1000","from":"dytallix12c4d381bc631794ab484ea30ee3b4d37f4df5504","nonce":0,"tx_hash":"0x542a7abecbfb3272494e33425d293d9270f183e04e2e1c0beda964632b998b49"},"ts":1765412121}
{"accepted":true,"detail":{"chain_id":"dytallix-testnet-1","fee":"1000","from":"dytallix159aa15760bdbbffd3cc3aff4180f9281aff1629e","nonce":0,"tx_hash":"0xf2ba29939a1b024b0b22f5cf03ea1756d86f41715404e980acdac7bfb0a048b5"},"ts":1765412124}
{"accepted":true,"detail":{"chain_id":"dytallix-testnet-1","fee":"1000","from":"dytallix1f993ccb9f4aa15c64828f5d50a8fd3cc939bc355","nonce":0,"tx_hash":"0x32b4efd0c41b491ce90c6a4082130af1f464956431174a441274df659ce4a95c"},"ts":1765412126}
{"accepted":true,"detail":{"chain_id":"dytallix-testnet-1","fee":"1000","from":"dytallix12c4d381bc631794ab484ea30ee3b4d37f4df5504","nonce":1,"tx_hash":"0x0687f337563a734fd5b1ab78467bca61c8845b74f9c173d37d3a994f68a55931"},"ts":1765412142}
{"accepted":true,"detail":{"chain_id":"dytallix-testnet-1","fee":"1000","from":"dytallix12c4d381bc631794ab484ea30ee3b4d37f4df5504","nonce":2,"tx_hash":"0x313ee7d9bb5f5e181e0b81782bbc35b8a2a487e55344f4ee7b56ada3f6855539"},"ts":1765412158}
{"accepted":true,"detail":{"chain_id":"dytallix-testnet-1","fee":"1000","from":"dytallix159aa15760bdbbffd3cc3aff4180f9281aff1629e","nonce":1,"tx_hash":"0xd14483bc83710a816a475379fbb1c361ff0a81b8f16e49cd50da19de6ad8dbec"},"ts":1765412174}
{"accepted":true,"detail":{"chain_id":"dytallix-testnet-1","fee":"1000","from":"dytallix1f993ccb9f4aa15c64828f5d50a8fd3cc939bc355","nonce":1,"tx_hash":"0xb6853afdb4a414c8fa9f66de0b28fa5396b9e4910dd76d52200c6915e4c661fe"},"ts":1765412191}
{"accepted":false,"detail":{"error":"INVALID_NONCE","expected":0,"from":"dytallix1mock","got":1,"nonce":1},"ts":1765551858}
{"accepted":false,"detail":{"error":"INVALID_CHAIN_ID","expected":"dytallix-testnet-1","from":"dytallix1mock","got":"dytallix-testnet-1","nonce":0},"ts":1765551882}
{"accepted":false,"detail":{"error":"INVALID_CHAIN_ID","expected":"dytallix-testnet-1","from":"dytallix1mock","got":"dytallix-testnet-1","nonce":0},"ts":1765581552}
{"accepted":false,"detail":{"error":"INVALID_CHAIN_ID","expected":"dytallix-testnet-1","from":"dytallix1mock","got":"dytallix-testnet-1","nonce":0},"ts":1765582007}
{"accepted":false,"detail":{"error":"INTERNAL_ERROR","from":"dytallix1mock","message":"amount cannot be zero","nonce":0},"ts":1765582743}
{"accepted":false,"detail":{"available":"0","denom":"udgt","error":"INSUFFICIENT_FUNDS","from":"dytallix1mock","nonce":0,"required":"5100"},"ts":1765582813}
{"accepted":true,"detail":{"chain_id":"dytallix-testnet-1","fee":"5000","from":"dytallix14ba4ff418f04004b61e5c2c58e89b1e5074bf9ee","nonce":0,"tx_hash":"0xd9ee3e00ad09e7686088a16724e9be88c2495fe4bf4b4db1c0a3c6e3ded0861b"},"ts":1765584003}
{"accepted":true,"detail":{"chain_id":"dytallix-testnet-1","fee":"5000","from":"dytallix1d6bdfe5f91cbad2027ba7d268aa4a347bedca429","nonce":0,"tx_hash":"0xa67fc146a6d10d29408ed52fe7a2bbf7ca6b111ce8f85b60f437776629987c2a"},"ts":1765584158}
